Reaction test
type	A+B+C
number	1000

max value	65536
unit	us

test	A	B	C
0	948	977	964
1	503	530	517
2	922	935	948
3	361	387	374
4	24	51	38
5	482	509	496
6	344	371	358
7	514	541	528
8	543	569	556
9	68	95	82
10	490	517	504
11	987	1014	1001
12	787	800	813
13	513	540	527
14	705	732	719
15	973	999	986
16	213	227	240
17	287	313	300
18	296	322	309
19	777	790	804
20	935	961	948
21	11	34	21
22	254	267	280
23	47	60	74
24	819	833	846
25	493	519	506
26	180	207	194
27	123	149	136
28	848	862	875
29	965	991	978
30	853	866	880
31	998	1024	1011
32	734	760	748
33	902	929	916
34	439	465	452
35	831	857	844
36	469	482	495
37	54	67	80
38	648	661	674
39	157	184	171
40	162	175	188
41	750	777	764
42	144	157	170
43	603	630	617
44	353	366	379
45	479	505	493
46	503	530	517
47	717	744	731
48	882	896	909
49	389	415	403
50	601	614	628
51	122	148	135
52	698	725	712
53	504	517	530
54	847	861	874
55	889	915	902
56	418	444	431
57	489	502	515
58	367	381	394
59	531	544	557
60	518	545	532
61	759	786	773
62	797	811	824
63	338	364	351
64	677	703	690
65	386	412	399
66	625	638	651
67	90	117	104
68	425	452	439
69	762	788	775
70	992	1018	1006
71	874	888	901
72	85	99	112
73	524	551	538
74	539	565	552
75	888	914	901
76	989	1016	1003
77	323	349	336
78	682	708	695
79	600	626	613
80	776	803	790
81	1001	3	1014
82	1011	20	11
83	11	37	23
84	240	266	253
85	256	283	270
86	347	373	360
87	354	367	380
88	540	566	553
89	335	362	349
90	935	961	949
91	625	652	639
92	499	526	513
93	394	421	407
94	41	54	67
95	69	96	83
96	887	900	913
97	69	95	83
98	629	655	642
99	32	58	45
100	758	784	771
101	973	986	999
102	422	448	435
103	635	662	649
104	719	745	732
105	574	601	588
106	90	103	116
107	622	635	649
108	137	163	150
109	63	89	76
110	447	474	461
111	491	504	517
112	168	194	181
113	322	348	335
114	350	377	364
115	371	398	384
116	487	501	514
117	698	724	711
118	891	918	904
119	99	113	126
120	269	296	283
121	537	563	550
122	850	876	863
123	838	865	852
124	199	212	225
125	163	176	190
126	106	120	133
127	816	843	830
128	663	677	690
129	561	587	575
130	425	452	439
131	627	641	654
132	382	408	395
133	982	1008	995
134	616	629	642
135	191	204	217
136	348	375	362
137	609	622	635
138	128	154	141
139	809	823	836
140	187	200	213
141	735	748	761
142	667	693	681
143	772	799	786
144	940	967	954
145	479	492	505
146	25	51	38
147	974	987	1001
148	1011	11	21
149	933	946	959
150	34	48	61
151	989	1021	1006
152	94	121	108
153	924	937	951
154	419	433	446
155	1005	11	1032
156	205	231	218
157	164	190	177
158	619	645	632
159	753	781	768
160	694	721	708
161	395	408	422
162	17	31	44
163	461	488	475
164	378	392	405
165	740	767	754
166	822	849	836
167	216	229	242
168	105	132	118
169	311	338	325
170	920	934	947
171	200	228	214
172	176	203	190
173	883	896	910
174	405	418	431
175	477	504	491
176	891	917	904
177	11	24	36
178	76	103	90
179	211	238	225
180	209	236	223
181	918	944	931
182	440	454	467
183	744	771	758
184	460	486	474
185	754	781	768
186	251	264	277
187	836	862	850
188	433	460	447
189	534	547	560
190	306	333	320
191	560	586	573
192	288	314	301
193	123	149	136
194	126	156	143
195	425	451	438
196	985	1015	1002
197	650	680	667
198	214	227	240
199	11	20	33
200	19	45	32
201	464	494	481
202	370	384	397
203	224	255	241
204	490	520	503
205	882	896	909
206	966	992	979
207	526	553	540
208	579	592	605
209	160	189	174
210	537	550	563
211	727	757	740
212	303	316	329
213	250	276	263
214	551	577	564
215	227	253	240
216	785	799	812
217	702	728	716
218	237	263	251
219	1002	1015	3
220	892	918	905
221	190	217	204
222	689	702	715
223	236	249	262
224	997	1023	1010
225	498	525	512
226	113	139	126
227	860	886	873
228	34	47	60
229	42	69	56
230	151	164	177
231	649	676	663
232	254	268	281
233	441	467	455
234	185	211	198
235	851	864	877
236	49	62	76
237	739	765	752
238	895	922	908
239	667	693	680
240	695	721	708
241	23	50	37
242	538	552	565
243	1010	21	11
244	512	538	526
245	767	794	781
246	399	426	413
247	717	743	730
248	552	578	565
249	452	479	466
250	3	21	32
251	622	649	636
252	625	638	651
253	741	755	768
254	656	669	682
255	848	861	874
256	658	684	672
257	924	950	937
258	182	208	195
259	343	356	369
260	541	568	555
261	307	333	320
262	27	53	40
263	671	698	685
264	962	975	988
265	612	625	638
266	377	404	390
267	222	248	235
268	471	485	498
269	89	115	102
270	574	588	601
271	364	391	377
272	378	404	391
273	263	290	277
274	372	398	386
275	826	852	840
276	45	58	71
277	340	353	366
278	915	928	941
279	657	684	671
280	307	333	320
281	128	154	142
282	64	91	78
283	66	94	81
284	156	182	169
285	609	635	622
286	162	189	176
287	273	300	286
288	309	336	323
289	552	579	565
290	998	1024	1011
291	517	543	530
292	548	574	562
293	412	426	439
294	489	515	502
295	386	413	399
296	554	580	567
297	1002	4	1015
298	180	206	193
299	438	465	452
300	889	915	902
301	561	574	587
302	263	289	276
303	438	464	451
304	877	903	890
305	858	885	872
306	932	959	945
307	897	911	924
308	651	678	665
309	293	319	306
310	503	530	516
311	17	44	31
312	559	586	573
313	780	794	807
314	123	149	136
315	173	200	187
316	520	547	534
317	626	639	652
318	167	181	194
319	276	303	290
320	939	952	965
321	907	921	934
322	670	697	683
323	202	228	215
324	922	948	935
325	735	761	748
326	337	363	350
327	93	120	107
328	941	968	955
329	639	666	653
330	762	788	776
331	328	354	341
332	700	726	713
333	545	558	571
334	305	332	319
335	960	986	973
336	717	743	730
337	604	631	618
338	1013	22	11
339	465	492	479
340	909	923	936
341	96	110	123
342	271	284	297
343	637	650	663
344	727	753	740
345	233	260	246
346	191	217	205
347	948	961	974
348	557	571	584
349	243	269	257
350	571	597	584
351	180	206	193
352	363	377	390
353	266	293	280
354	420	447	434
355	177	203	190
356	582	596	609
357	360	374	387
358	739	752	765
359	104	130	117
360	517	543	531
361	964	991	978
362	944	970	957
363	783	810	797
364	135	162	149
365	994	1020	1007
366	296	322	309
367	870	896	883
368	477	504	491
369	266	293	280
370	1015	23	11
371	68	94	81
372	140	166	153
373	16	42	29
374	787	813	800
375	1010	1023	11
376	130	156	143
377	628	654	641
378	400	427	414
379	215	229	242
380	109	136	123
381	232	258	246
382	145	172	158
383	132	158	146
384	592	605	618
385	505	518	531
386	893	920	907
387	636	663	650
388	374	401	388
389	919	945	932
390	724	738	751
391	992	1019	1006
392	842	856	869
393	329	342	355
394	204	230	218
395	220	246	233
396	800	826	813
397	575	601	588
398	565	592	579
399	984	1010	997
400	802	829	816
401	821	848	835
402	741	755	768
403	557	584	570
404	130	156	144
405	251	278	265
406	655	670	683
407	690	704	717
408	26	52	39
409	219	245	232
410	341	367	355
411	271	297	284
412	885	912	898
413	643	657	670
414	925	952	939
415	939	965	953
416	640	666	654
417	258	284	271
418	98	124	111
419	260	286	274
420	410	437	424
421	592	618	605
422	1015	11	23
423	762	789	776
424	82	109	95
425	604	631	618
426	762	788	775
427	708	722	735
428	630	657	644
429	589	616	603
430	100	114	127
431	284	310	297
432	383	396	409
433	654	667	680
434	976	989	1002
435	100	127	114
436	554	580	567
437	600	627	614
438	577	603	590
439	308	334	321
440	595	622	609
441	446	460	473
442	202	216	229
443	673	686	699
444	393	407	420
445	920	946	933
446	486	512	499
447	692	705	718
448	541	567	554
449	824	850	838
450	846	873	860
451	211	224	237
452	104	131	117
453	738	752	765
454	187	213	200
455	141	168	155
456	262	289	276
457	140	166	153
458	394	421	408
459	423	449	436
460	675	701	688
461	708	721	734
462	647	661	674
463	866	880	893
464	100	114	127
465	538	565	552
466	653	679	666
467	397	411	424
468	892	906	919
469	812	838	825
470	341	354	368
471	813	826	839
472	495	522	509
473	105	131	118
474	804	830	817
475	841	867	854
476	140	166	153
477	323	349	336
478	342	369	356
479	854	880	867
480	423	449	437
481	726	753	740
482	253	266	279
483	813	840	827
484	212	238	225
485	912	938	926
486	785	798	811
487	516	543	530
488	773	799	786
489	199	213	226
490	343	358	371
491	47	60	73
492	273	287	300
493	849	862	876
494	675	688	702
495	115	128	142
496	951	965	978
497	479	505	492
498	1006	1019	11
499	779	806	793
500	921	948	935
501	282	308	295
502	926	953	940
503	367	393	380
504	341	368	355
505	852	879	866
506	234	261	248
507	187	213	200
508	1011	22	4
509	918	945	932
510	179	192	205
511	278	305	292
512	886	912	899
513	739	766	753
514	508	534	521
515	357	383	370
516	801	828	815
517	111	137	124
518	85	112	99
519	778	792	805
520	785	811	798
521	18	45	32
522	711	738	725
523	541	567	554
524	183	209	196
525	680	706	693
526	247	273	260
527	439	466	453
528	848	875	862
529	606	619	632
530	860	886	874
531	401	415	428
532	503	530	517
533	429	455	442
534	485	512	499
535	326	352	339
536	617	643	630
537	355	382	369
538	197	223	210
539	984	1011	998
540	762	789	776
541	399	426	413
542	513	540	526
543	913	940	927
544	115	141	128
545	31	44	58
546	68	82	95
547	535	561	548
548	327	354	341
549	517	531	544
550	814	827	840
551	908	921	934
552	915	942	929
553	585	611	598
554	190	204	217
555	409	436	423
556	416	430	443
557	875	902	888
558	499	525	512
559	984	1011	998
560	541	568	555
561	558	572	585
562	964	991	978
563	840	867	853
564	663	690	677
565	226	240	253
566	520	547	534
567	248	274	261
568	171	197	185
569	723	737	750
570	1009	11	1035
571	829	843	856
572	163	176	189
573	432	446	459
574	414	440	427
575	904	931	918
576	426	452	439
577	806	820	833
578	587	614	601
579	686	700	713
580	303	330	317
581	933	960	947
582	820	833	846
583	276	289	302
584	112	138	125
585	495	509	522
586	191	218	205
587	632	646	659
588	263	289	276
589	725	752	739
590	966	992	979
591	566	592	579
592	774	800	787
593	807	821	833
594	791	805	818
595	304	317	330
596	66	93	80
597	1016	23	12
598	97	124	111
599	496	509	522
600	235	249	262
601	807	820	833
602	546	573	560
603	342	369	356
604	135	162	149
605	628	655	642
606	121	148	135
607	186	199	212
608	458	485	472
609	592	606	619
610	971	998	985
611	996	1009	1022
612	554	567	581
613	960	987	974
614	288	315	302
615	669	682	695
616	468	481	495
617	573	598	586
618	782	809	796
619	470	483	496
620	483	497	510
621	719	745	732
622	766	780	793
623	71	85	98
624	607	634	621
625	843	870	857
626	141	155	168
627	66	93	80
628	465	491	478
629	335	348	361
630	792	805	818
631	655	669	682
632	306	333	320
633	972	999	986
634	476	502	489
635	823	849	836
636	257	283	271
637	887	913	900
638	466	480	492
639	337	364	351
640	202	215	228
641	193	219	206
642	803	829	816
643	530	556	543
644	427	441	454
645	922	948	935
646	337	363	350
647	717	744	731
648	587	613	600
649	218	244	231
650	947	974	961
651	892	919	906
652	422	436	449
653	817	843	831
654	623	650	637
655	402	415	428
656	70	96	83
657	784	810	797
658	649	663	676
659	625	651	638
660	955	982	969
661	909	935	922
662	471	484	497
663	505	519	532
664	572	585	598
665	891	905	918
666	554	580	567
667	687	701	714
668	56	83	70
669	551	564	577
670	520	546	534
671	857	871	884
672	636	649	662
673	855	882	869
674	991	1018	1005
675	216	243	230
676	868	895	882
677	1005	3	1031
678	907	933	920
679	126	153	140
680	55	82	69
681	754	781	768
682	530	543	556
683	267	280	293
684	162	188	175
685	586	599	612
686	853	880	867
687	616	642	629
688	140	154	167
689	938	952	965
690	65	91	78
691	319	345	332
692	632	659	646
693	568	594	582
694	202	228	216
695	878	891	904
696	106	132	119
697	354	367	381
698	434	447	460
699	960	986	973
700	885	898	911
701	233	260	247
702	962	988	976
703	111	137	124
704	710	737	724
705	22	48	35
706	488	515	502
707	901	927	915
708	694	720	707
709	345	371	358
710	440	466	453
711	621	634	647
712	414	440	427
713	908	935	922
714	70	96	83
715	726	752	739
716	352	366	379
717	950	977	964
718	90	116	104
719	968	995	982
720	581	607	594
721	702	729	716
722	70	97	84
723	38	65	52
724	815	828	841
725	820	846	834
726	196	222	209
727	74	87	101
728	202	228	215
729	860	887	874
730	930	944	957
731	706	733	720
732	353	380	367
733	330	343	356
734	843	870	857
735	764	791	778
736	471	498	484
737	400	414	427
738	531	557	544
739	551	577	564
740	489	502	515
741	766	793	780
742	17	43	30
743	529	542	555
744	172	198	185
745	717	731	744
746	502	529	516
747	59	86	73
748	774	787	801
749	375	388	402
750	427	441	454
751	438	465	452
752	663	676	689
753	177	191	204
754	565	592	579
755	196	222	209
756	568	582	595
757	452	466	479
758	115	141	128
759	968	994	982
760	882	909	895
761	966	980	993
762	918	944	931
763	222	248	235
764	796	822	809
765	274	288	301
766	703	729	716
767	862	889	876
768	358	371	384
769	3	32	20
770	513	526	539
771	73	99	86
772	426	452	439
773	162	189	176
774	769	796	783
775	150	163	176
776	520	546	533
777	751	777	764
778	606	633	620
779	714	740	727
780	686	712	699
781	88	102	115
782	426	453	440
783	12	26	39
784	811	824	837
785	59	86	73
786	852	879	866
787	90	104	117
788	790	804	817
789	414	440	427
790	201	227	214
791	289	316	303
792	179	205	192
793	386	413	400
794	340	354	367
795	380	407	394
796	136	163	150
797	829	843	856
798	12	36	23
799	1012	20	11
800	883	910	897
801	527	540	553
802	385	411	398
803	915	929	942
804	446	472	459
805	695	708	722
806	1009	11	1022
807	467	481	494
808	589	616	603
809	984	1011	998
810	750	763	777
811	43	69	56
812	543	570	557
813	965	992	979
814	989	1016	1003
815	518	532	545
816	970	996	983
817	66	92	79
818	825	851	838
819	894	921	908
820	861	888	875
821	252	278	265
822	311	338	325
823	955	981	968
824	955	982	969
825	942	956	969
826	467	493	481
827	764	790	777
828	465	478	491
829	253	280	267
830	317	344	330
831	736	762	749
832	522	548	535
833	482	495	509
834	920	946	933
835	596	610	623
836	43	56	69
837	279	305	292
838	936	949	962
839	467	493	480
840	1019	25	11
841	14	41	28
842	416	442	429
843	64	77	90
844	22	49	36
845	208	221	234
846	111	125	139
847	665	692	679
848	805	832	819
849	738	765	752
850	683	696	710
851	312	339	326
852	962	989	975
853	68	94	81
854	203	230	217
855	38	65	52
856	163	190	176
857	900	913	927
858	385	411	398
859	880	906	893
860	213	227	240
861	191	217	204
862	288	301	314
863	689	702	715
864	969	996	983
865	914	940	927
866	149	176	163
867	598	612	625
868	455	482	469
869	350	376	363
870	835	848	861
871	930	943	957
872	806	832	819
873	37	50	63
874	425	451	438
875	721	747	734
876	331	358	344
877	448	461	474
878	847	875	861
879	535	562	549
880	490	516	503
881	479	505	492
882	586	613	599
883	844	857	870
884	674	688	701
885	385	398	411
886	258	284	271
887	106	132	119
888	533	560	547
889	186	213	199
890	634	660	647
891	610	636	624
892	52	78	66
893	375	402	389
894	726	753	740
895	885	912	899
896	148	174	161
897	813	827	840
898	552	579	566
899	20	47	34
900	742	769	756
901	118	145	132
902	283	309	296
903	232	259	246
904	847	873	860
905	682	709	696
906	489	515	502
907	641	668	655
908	20	47	33
909	362	388	375
910	603	630	617
911	172	198	186
912	734	761	748
913	919	933	946
914	880	906	893
915	662	675	689
916	765	778	792
917	127	153	140
918	794	821	808
919	1007	11	1021
920	290	316	303
921	444	470	457
922	194	220	207
923	668	694	681
924	497	510	523
925	601	628	615
926	181	194	207
927	613	639	626
928	890	916	903
929	546	560	573
930	438	465	452
931	159	185	172
932	227	241	254
933	476	489	502
934	424	450	437
935	725	751	738
936	816	842	829
937	22	48	35
938	421	447	434
939	710	737	724
940	705	731	718
941	687	713	700
942	314	328	341
943	267	280	293
944	516	542	529
945	590	603	617
946	987	1014	1001
947	271	297	284
948	231	257	244
949	632	658	645
950	458	485	471
951	766	780	793
952	446	472	459
953	756	783	770
954	3	21	32
955	77	90	103
956	303	329	316
957	820	846	833
958	682	708	695
959	480	494	507
960	757	783	770
961	377	390	403
962	47	73	60
963	165	178	191
964	141	168	155
965	644	671	658
966	366	392	379
967	671	697	684
968	186	212	199
969	451	465	478
970	987	1000	1014
971	662	689	676
972	813	839	826
973	408	422	435
974	345	371	358
975	110	123	136
976	779	805	792
977	417	444	431
978	993	1020	1007
979	479	494	507
980	43	57	70
981	860	886	874
982	982	1008	995
983	824	851	838
984	528	541	555
985	367	394	381
986	236	262	249
987	257	284	271
988	315	342	329
989	545	571	559
990	115	128	141
991	114	140	127
992	184	198	211
993	878	905	892
994	407	433	420
995	722	748	735
996	297	324	311
997	336	362	349
998	447	473	460
999	232	245	258
