Reaction test
type	A+B+C
number	1000

max value	65536
unit	us

test	A	B	C
0	577	551	599
1	470	492	513
2	473	516	495
3	309	288	266
4	903	948	928
5	958	1002	981
6	820	842	862
7	493	513	472
8	369	389	347
9	924	882	903
10	588	631	610
11	857	880	902
12	660	682	703
13	937	959	915
14	546	504	525
15	568	590	611
16	258	237	214
17	845	824	802
18	246	290	269
19	369	390	348
20	174	153	132
21	923	945	966
22	535	512	556
23	218	197	174
24	639	617	660
25	224	194	211
26	418	397	376
27	378	421	400
28	746	703	725
29	108	121	90
30	535	557	578
31	1015	1036	993
32	513	555	535
33	899	921	942
34	71	29	51
35	142	121	99
36	1034	1013	991
37	246	273	260
38	561	518	540
39	361	382	403
40	718	697	675
41	875	859	846
42	56	34	76
43	721	742	700
44	761	740	718
45	455	412	434
46	410	430	388
47	66	43	87
48	769	791	812
49	996	1017	975
50	259	238	280
51	907	928	886
52	480	493	466
53	262	283	240
54	896	875	853
55	109	152	131
56	720	696	742
57	610	567	589
58	303	324	281
59	250	208	230
60	431	453	474
61	905	862	884
62	448	425	469
63	330	316	296
64	14	1015	36
65	285	299	313
66	424	467	447
67	146	125	103
68	498	541	520
69	529	516	502
70	836	857	815
71	51	29	72
72	737	695	716
73	153	131	174
74	123	80	102
75	212	186	199
76	325	284	305
77	596	638	617
78	690	676	662
79	860	873	888
80	406	385	364
81	344	358	331
82	588	565	609
83	695	669	682
84	63	21	43
85	1008	987	966
86	282	305	325
87	627	605	648
88	326	348	369
89	778	791	804
90	1001	978	1022
91	511	554	533
92	934	913	891
93	814	835	793
94	931	910	887
95	537	550	524
96	243	256	222
97	955	969	982
98	114	92	135
99	477	501	514
100	468	490	510
101	305	325	283
102	569	526	548
103	449	463	476
104	426	447	404
105	491	469	512
106	292	315	336
107	978	998	956
108	757	736	714
109	469	449	426
110	441	420	399
111	280	302	323
112	573	596	617
113	20	42	63
114	138	181	161
115	723	702	679
116	553	511	532
117	687	666	645
118	713	700	727
119	867	910	889
120	446	488	468
121	627	641	654
122	393	414	372
123	366	324	346
124	505	491	474
125	297	342	321
126	299	257	279
127	996	983	969
128	129	116	101
129	418	433	446
130	672	694	714
131	805	826	783
132	633	611	654
133	511	489	532
134	338	360	381
135	703	734	721
136	434	389	413
137	135	113	157
138	513	556	535
139	609	588	566
140	448	406	428
141	632	610	653
142	406	392	419
143	810	830	789
144	915	957	937
145	526	547	505
146	578	600	621
147	781	795	809
148	273	296	317
149	569	611	591
150	385	427	406
151	994	951	973
152	514	492	535
153	628	608	586
154	70	49	91
155	559	573	587
156	432	419	445
157	272	294	315
158	334	355	313
159	984	1025	1005
160	990	1011	968
161	58	80	100
162	1007	986	965
163	550	529	508
164	1588	567	553
165	36	56	15
166	48	27	68
167	137	180	159
168	73	86	100
169	629	587	609
170	490	511	469
171	491	512	532
172	895	853	875
173	213	234	192
174	629	656	643
175	283	263	241
176	391	433	412
177	781	803	824
178	744	724	703
179	312	298	325
180	268	247	226
181	386	345	366
182	948	927	906
183	538	495	517
184	430	409	387
185	490	512	533
186	1001	12	1022
187	838	795	817
188	760	739	718
189	690	669	647
190	853	832	874
191	119	77	98
192	630	608	651
193	93	136	115
194	876	855	834
195	593	615	636
196	90	111	131
197	249	291	271
198	304	280	318
199	133	113	91
200	245	202	224
201	867	847	826
202	775	795	753
203	235	214	193
204	411	391	370
205	941	914	928
206	875	855	834
207	435	414	456
208	375	416	396
209	453	432	410
210	433	413	391
211	676	655	697
212	578	557	599
213	838	859	817
214	829	850	870
215	819	841	862
216	604	647	626
217	165	208	187
218	917	937	896
219	134	177	156
220	488	466	509
221	103	61	83
222	175	155	134
223	93	67	81
224	67	46	88
225	340	363	383
226	713	670	692
227	634	613	592
228	885	844	865
229	86	64	107
230	598	585	572
231	645	666	624
232	3	27	48
233	149	106	128
234	414	435	456
235	477	457	436
236	301	281	259
237	551	510	531
238	293	311	324
239	204	245	225
240	821	797	834
241	155	113	135
242	497	475	518
243	163	205	185
244	140	119	98
245	365	343	385
246	795	837	816
247	470	512	491
248	614	656	635
249	901	879	922
250	97	117	75
251	551	509	530
252	222	200	243
253	445	425	403
254	273	252	231
255	417	438	395
256	699	721	742
257	405	426	447
258	181	224	203
259	31	11	52
260	973	995	1016
261	507	486	464
262	989	967	1010
263	656	634	677
264	558	581	601
265	709	752	732
266	265	287	307
267	104	147	126
268	834	811	854
269	571	549	592
270	539	518	496
271	556	578	599
272	986	943	966
273	594	577	608
274	286	243	266
275	909	866	888
276	380	424	403
277	647	668	625
278	203	224	181
279	272	315	294
280	154	175	132
281	305	262	284
282	684	671	657
283	826	869	849
284	841	820	798
285	1028	1015	1001
286	982	968	948
287	703	681	724
288	728	749	770
289	548	590	569
290	989	969	947
291	106	63	85
292	412	391	432
293	849	870	891
294	703	680	724
295	915	874	895
296	642	629	615
297	276	259	246
298	823	844	865
299	379	357	400
300	441	428	454
301	709	752	731
302	588	630	610
303	317	304	284
304	160	138	181
305	1015	1036	993
306	186	208	229
307	943	922	899
308	925	882	904
309	142	163	120
310	910	889	867
311	830	808	851
312	237	224	211
313	847	826	804
314	1017	35	13
315	264	308	287
316	281	301	259
317	840	883	863
318	876	897	853
319	610	589	566
320	345	324	303
321	726	747	704
322	581	561	539
323	1002	960	982
324	410	390	369
325	660	683	704
326	974	952	996
327	763	806	785
328	269	291	311
329	684	707	728
330	621	643	664
331	927	969	948
332	364	406	386
333	255	276	231
334	654	697	677
335	405	418	390
336	676	633	656
337	590	577	561
338	582	569	555
339	246	225	267
340	660	681	637
341	672	650	693
342	64	85	42
343	496	517	475
344	762	784	805
345	626	604	647
346	87	66	45
347	998	1019	976
348	150	176	163
349	84	104	62
350	808	850	830
351	95	108	82
352	218	174	197
353	465	444	422
354	776	798	819
355	542	521	500
356	840	882	862
357	827	847	806
358	158	137	179
359	849	828	806
360	80	58	101
361	939	952	917
362	385	363	405
363	187	207	165
364	64	44	23
365	43	85	65
366	275	233	255
367	325	304	346
368	364	351	338
369	734	713	755
370	471	450	492
371	493	535	514
372	62	82	41
373	466	487	508
374	219	239	197
375	831	873	853
376	912	939	926
377	267	308	288
378	1013	13	34
379	642	621	663
380	848	865	878
381	718	697	676
382	486	507	465
383	245	223	265
384	500	480	458
385	388	355	375
386	567	588	545
387	728	686	707
388	390	362	377
389	513	535	556
390	396	367	383
391	228	186	207
392	476	455	497
393	167	208	188
394	799	777	819
395	297	277	256
396	872	893	851
397	193	151	172
398	701	743	723
399	691	713	734
400	816	774	796
401	608	587	629
402	579	600	557
403	979	958	937
404	383	362	341
405	67	88	46
406	425	446	466
407	989	1011	1032
408	833	854	874
409	249	226	204
410	159	118	139
411	579	558	537
412	619	606	588
413	444	485	465
414	40	81	61
415	663	684	705
416	347	368	388
417	643	617	631
418	880	839	860
419	854	880	867
420	512	533	491
421	889	903	916
422	856	835	813
423	223	249	237
424	490	470	449
425	472	514	493
426	757	778	799
427	1003	982	11
428	955	935	913
429	47	26	68
430	634	655	613
431	587	608	565
432	973	993	952
433	475	453	496
434	112	133	154
435	330	308	351
436	729	750	708
437	725	705	683
438	725	746	704
439	351	309	330
440	884	904	863
441	542	563	520
442	112	145	132
443	359	339	318
444	706	726	684
445	464	485	506
446	428	402	416
447	11	29	1011
448	859	837	879
449	642	600	622
450	588	540	568
451	979	1005	993
452	193	172	214
453	982	962	940
454	411	438	425
455	99	71	120
456	933	975	955
457	944	903	924
458	859	907	887
459	597	617	576
460	924	902	944
461	373	331	352
462	229	256	277
463	610	568	590
464	576	598	619
465	975	1016	996
466	831	782	810
467	77	98	56
468	280	259	238
469	781	824	803
470	1022	1002	980
471	309	360	331
472	262	285	313
473	777	798	755
474	85	64	106
475	24	38	51
476	994	981	1007
477	75	124	96
478	221	263	242
479	721	743	764
480	949	998	971
481	478	457	499
482	917	896	938
483	11	995	1016
484	737	758	717
485	981	960	938
486	882	839	861
487	209	166	188
488	401	422	443
489	113	91	134
490	520	562	541
491	606	654	634
492	756	798	778
493	891	911	868
494	933	906	920
495	641	662	683
496	394	374	352
497	158	115	137
498	669	649	628
499	206	227	248
500	636	616	595
501	705	683	726
502	839	796	818
503	177	198	219
504	492	470	512
505	212	233	191
506	77	98	119
507	785	764	743
508	708	688	667
509	171	150	192
510	464	422	444
511	387	367	346
512	539	498	519
513	1003	990	976
514	201	180	159
515	541	562	583
516	364	323	344
517	519	539	497
518	298	318	277
519	229	249	207
520	957	978	999
521	984	1005	1026
522	584	563	542
523	520	541	562
524	800	843	822
525	158	199	179
526	968	1011	990
527	13	34	1014
528	993	972	1014
529	282	262	241
530	427	407	394
531	788	768	747
532	640	598	620
533	138	118	96
534	120	133	106
535	238	217	258
536	411	454	433
537	123	144	102
538	927	885	906
539	345	366	386
540	492	534	514
541	682	703	723
542	713	671	693
543	820	794	807
544	1008	1029	987
545	671	684	658
546	478	457	499
547	787	744	766
548	287	314	301
549	844	885	865
550	321	278	300
551	910	930	888
552	408	387	365
553	100	80	59
554	51	11	30
555	181	138	160
556	973	994	951
557	993	959	981
558	686	727	707
559	307	287	265
560	214	194	173
561	272	295	316
562	726	746	704
563	444	457	471
564	969	948	989
565	810	831	789
566	593	635	615
567	161	141	120
568	176	197	155
569	55	34	13
570	689	731	711
571	921	900	878
572	631	672	652
573	222	244	265
574	411	432	390
575	584	563	542
576	228	206	249
577	240	260	219
578	207	185	227
579	223	195	174
580	825	847	868
581	143	164	121
582	987	966	945
583	254	233	211
584	21	34	11
585	547	526	568
586	297	317	330
587	367	388	346
588	620	641	662
589	977	990	954
590	173	131	152
591	59	39	18
592	86	66	45
593	996	975	1016
594	977	956	935
595	417	438	395
596	962	921	942
597	602	581	560
598	167	188	146
599	307	349	328
600	392	372	351
601	918	897	876
602	107	85	127
603	418	397	376
604	998	957	978
605	234	192	214
606	634	675	655
607	363	384	342
608	381	424	403
609	861	820	841
610	458	432	445
611	135	176	156
612	886	929	908
613	977	998	1019
614	566	608	588
615	393	435	415
616	452	473	494
617	692	672	651
618	934	955	912
619	604	583	625
620	231	208	252
621	157	178	135
622	215	173	195
623	305	285	263
624	468	447	426
625	957	936	978
626	559	580	601
627	181	160	139
628	874	832	854
629	137	179	158
630	417	438	396
631	85	64	43
632	195	172	217
633	764	785	742
634	828	784	807
635	386	409	431
636	612	634	655
637	975	996	1017
638	827	848	868
639	738	759	717
640	338	358	317
641	885	871	898
642	147	106	127
643	392	350	372
644	288	267	308
645	528	486	508
646	655	613	635
647	81	101	60
648	678	699	657
649	394	374	353
650	715	736	694
651	663	705	684
652	249	270	227
653	914	936	957
654	553	532	574
655	160	138	181
656	253	266	240
657	440	462	483
658	450	471	428
659	718	694	739
660	181	153	168
661	879	921	900
662	137	162	150
663	33	75	55
664	548	528	507
665	50	91	71
666	188	166	208
667	583	541	562
668	374	362	348
669	687	645	667
670	173	194	152
671	516	474	496
672	790	769	811
673	325	345	303
674	86	112	99
675	430	388	409
676	478	499	457
677	257	236	216
678	383	405	426
679	993	1015	11
680	510	489	531
681	332	310	353
682	489	511	531
683	905	925	884
684	128	86	108
685	501	543	522
686	672	692	651
687	392	434	414
688	963	984	941
689	1010	12	29
690	388	430	409
691	219	197	239
692	45	86	66
693	272	292	251
694	29	56	43
695	971	996	948
696	134	156	177
697	107	87	66
698	75	33	55
699	411	390	369
700	182	195	169
701	452	411	432
702	983	1003	962
703	440	426	453
704	543	523	501
705	23	66	45
706	272	294	315
707	718	761	740
708	442	400	422
709	940	918	961
710	997	1017	976
711	480	438	459
712	988	1009	11
713	962	1004	984
714	822	844	865
715	635	656	677
716	209	235	223
717	448	469	490
718	360	337	381
719	49	28	69
720	291	250	271
721	301	321	279
722	199	178	158
723	209	167	188
724	409	450	430
725	482	502	461
726	186	229	208
727	4	27	1014
728	704	661	683
729	640	619	661
730	999	978	1020
731	128	148	106
732	263	221	243
733	423	446	467
734	706	662	685
735	98	76	119
736	111	154	133
737	380	359	337
738	447	405	427
739	140	162	182
740	373	393	406
741	274	295	252
742	88	46	68
743	583	542	563
744	876	855	834
745	909	930	951
746	341	383	362
747	639	618	660
748	568	589	610
749	748	768	727
750	246	267	225
751	272	315	294
752	806	833	820
753	600	559	580
754	292	271	250
755	749	728	705
756	554	596	576
757	586	606	564
758	192	213	234
759	589	632	611
760	1023	980	1002
761	978	956	999
762	829	808	787
763	537	564	551
764	656	676	634
765	938	980	960
766	361	403	383
767	919	877	898
768	256	235	214
769	231	252	273
770	682	661	639
771	110	131	152
772	45	23	66
773	70	92	113
774	569	612	591
775	184	158	171
776	475	517	496
777	577	598	619
778	588	608	566
779	859	817	838
780	670	712	691
781	50	29	4
782	469	491	511
783	1061	21	12
784	430	410	443
785	983	1004	1025
786	111	132	87
787	164	143	121
788	135	158	179
789	491	512	469
790	314	357	337
791	480	452	430
792	551	528	572
793	966	944	987
794	761	783	805
795	697	675	718
796	113	123	139
797	591	612	569
798	556	543	528
799	66	86	44
800	143	165	186
801	814	856	836
802	851	809	831
803	439	482	460
804	123	164	144
805	209	232	252
806	534	554	567
807	549	592	571
808	100	142	122
809	484	505	526
810	703	724	744
811	239	260	280
812	906	933	920
813	928	949	907
814	681	724	704
815	429	471	451
816	126	104	146
817	478	451	465
818	452	410	432
819	646	626	605
820	948	989	969
821	474	452	495
822	552	531	510
823	32	11	53
824	627	648	668
825	892	872	851
826	190	169	211
827	474	496	517
828	893	913	871
829	743	765	786
830	307	349	328
831	373	360	386
832	572	592	550
833	432	473	453
834	322	302	281
835	296	276	254
836	931	910	889
837	194	218	231
838	581	623	603
839	615	594	574
840	120	152	139
841	272	251	229
842	452	494	473
843	406	428	448
844	636	594	615
845	1022	1009	996
846	671	692	649
847	1010	1031	989
848	127	105	147
849	90	110	69
850	882	841	862
851	130	151	172
852	261	240	282
853	134	176	156
854	268	247	288
855	56	15	36
856	84	62	104
857	780	822	801
858	106	85	63
859	220	200	179
860	52	31	11
861	724	702	745
862	1046	1032	1059
863	784	742	763
864	54	74	33
865	96	80	110
866	216	237	195
867	11	1011	30
868	879	921	900
869	105	63	85
870	467	425	447
871	1012	1033	991
872	945	987	966
873	187	166	207
874	730	710	689
875	194	174	153
876	943	923	902
877	423	401	444
878	495	474	515
879	662	683	704
880	65	23	45
881	670	649	690
882	160	140	119
883	252	272	231
884	706	719	693
885	161	119	141
886	162	141	183
887	91	69	111
888	361	404	383
889	899	921	942
890	887	866	908
891	713	729	742
892	867	846	888
893	811	852	832
894	191	149	171
895	384	342	364
896	990	1003	1016
897	677	656	697
898	168	147	189
899	647	667	626
900	821	805	834
901	116	96	75
902	145	124	103
903	908	930	951
904	152	130	173
905	586	600	612
906	958	936	978
907	890	910	869
908	780	802	823
909	690	668	710
910	433	387	409
911	53	75	96
912	838	879	859
913	640	619	660
914	822	801	842
915	50	12	30
916	1008	986	1028
917	810	853	832
918	101	144	123
919	631	589	610
920	783	796	770
921	735	715	694
922	788	747	768
923	785	827	807
924	608	628	587
925	112	125	99
926	360	339	380
927	368	411	390
928	878	857	898
929	535	493	514
930	528	549	569
931	57	16	37
932	833	812	792
933	972	993	951
934	718	676	698
935	57	36	78
936	383	404	424
937	949	928	906
938	959	980	938
939	432	411	390
940	986	1009	1030
941	861	841	820
942	872	893	851
943	271	312	292
944	589	567	610
945	93	114	71
946	546	532	519
947	419	460	440
948	409	382	396
949	360	317	339
950	887	929	909
951	385	342	363
952	726	747	704
953	460	502	482
954	913	871	893
955	184	163	142
956	1065	33	12
957	386	364	406
958	115	157	136
959	576	535	556
960	416	394	437
961	790	832	811
962	712	734	754
963	786	828	808
964	83	103	61
965	497	510	480
966	732	776	755
967	526	483	505
968	585	563	606
969	497	455	476
970	972	994	1015
971	288	356	310
972	658	672	645
973	562	576	589
974	278	299	320
975	739	781	761
976	602	624	644
977	697	682	710
978	966	945	987
979	411	424	396
980	873	917	896
981	927	914	900
982	492	514	535
983	213	256	235
984	426	470	449
985	494	452	473
986	394	372	414
987	349	391	370
988	358	337	314
989	799	758	779
990	411	390	368
991	440	419	398
992	244	265	222
993	864	886	907
994	587	630	610
995	452	431	410
996	372	349	392
997	506	548	527
998	387	409	429
999	736	716	695
