Reaction test
type	A+B+C
number	1000

max value	65536
unit	us

test	A	B	C
0	64	101	81
1	64	51	38
2	56	43	29
3	11	38	24
4	39	72	52
5	64	77	90
6	3	32	20
7	39	52	26
8	74	3	21
9	46	59	33
10	16	49	29
11	78	22	12
12	38	64	51
13	71	84	58
14	70	83	12
15	71	12	84
16	54	41	28
17	90	77	64
18	48	61	74
19	17	43	30
20	40	66	53
21	48	74	61
22	3	39	21
23	73	12	86
24	61	93	74
25	42	29	16
26	56	89	69
27	77	21	12
28	68	3	81
29	72	12	85
30	75	62	49
31	34	60	47
32	70	12	83
33	16	42	29
34	3	76	20
35	41	74	55
36	85	59	72
37	60	86	73
38	72	59	46
39	18	51	31
40	58	71	45
41	75	29	3
42	15	41	28
43	61	74	48
44	20	53	33
45	21	47	34
46	43	69	56
47	73	30	3
48	49	63	75
49	47	80	60
50	19	45	33
51	23	49	36
52	58	85	72
53	42	75	55
54	59	33	47
55	17	50	30
56	22	11	78
57	52	89	65
58	21	3	32
59	12	37	24
60	87	74	61
61	45	64	32
62	14	39	27
63	63	49	76
64	51	84	64
65	16	42	29
66	43	69	57
67	51	25	38
68	58	84	71
69	24	50	37
70	43	76	56
71	80	24	11
72	74	11	87
73	23	49	36
74	32	65	46
75	33	12	21
76	73	3	21
77	56	69	82
78	42	55	29
79	81	4	68
80	76	21	3
81	64	90	78
82	21	11	77
83	15	42	29
84	48	62	75
85	80	24	11
86	44	57	27
87	12	44	22
88	43	69	56
89	21	40	11
90	11	79	23
91	38	64	51
92	21	41	11
93	80	67	54
94	24	57	38
95	23	49	36
96	43	69	56
97	52	85	66
98	56	82	69
99	64	51	39
100	53	86	66
101	73	47	60
102	21	33	11
103	51	84	65
104	85	72	12
105	53	79	66
106	23	11	36
107	21	54	35
108	19	33	46
109	21	39	3
110	80	67	93
111	14	47	27
112	65	91	78
113	59	92	72
114	18	44	31
115	24	37	50
116	58	91	71
117	66	79	92
118	58	91	71
119	76	49	63
120	71	11	84
121	3	39	20
122	43	30	17
123	63	83	50
124	23	56	36
125	11	34	21
126	11	86	73
127	66	92	79
128	67	54	41
129	32	58	46
130	53	41	67
131	58	88	75
132	21	32	3
133	25	38	12
134	72	85	59
135	71	12	84
136	69	56	81
137	29	55	42
138	51	84	64
139	82	69	3
140	20	53	33
141	45	71	58
142	34	67	47
143	52	65	78
144	29	43	56
145	11	36	23
146	55	82	69
147	22	55	35
148	39	27	13
149	12	38	25
150	68	55	43
151	52	26	39
152	57	70	44
153	3	31	21
154	12	35	22
155	22	55	36
156	21	75	3
157	34	67	48
158	46	72	59
159	69	43	56
160	3	33	21
161	75	29	3
162	62	75	88
163	76	21	11
164	50	76	63
165	37	51	24
166	26	59	39
167	3	76	21
168	16	49	29
169	73	11	87
170	72	56	43
171	77	20	11
172	21	47	35
173	62	75	88
174	22	11	35
175	66	86	53
176	74	11	87
177	49	23	36
178	33	20	11
179	14	27	40
180	23	56	36
181	40	67	54
182	43	69	57
183	48	35	61
184	63	96	76
185	14	40	27
186	18	44	32
187	57	83	70
188	69	82	56
189	33	60	47
190	49	75	62
191	31	57	44
192	56	82	70
193	39	65	52
194	44	57	70
195	73	11	86
196	76	21	3
197	52	65	78
198	66	92	79
199	29	42	16
200	74	3	21
201	3	31	21
202	37	24	11
203	64	90	77
204	37	70	50
205	50	76	63
206	21	11	77
207	57	83	71
208	92	79	66
209	70	57	83
210	69	11	82
211	34	47	61
212	80	100	67
213	91	79	65
214	68	3	81
215	90	77	64
216	52	66	79
217	28	15	41
218	13	40	26
219	47	73	61
220	34	67	47
221	41	67	54
222	21	32	3
223	3	32	21
224	55	81	68
225	61	87	74
226	79	92	66
227	30	56	43
228	31	58	45
229	21	33	11
230	39	13	26
231	24	49	37
232	4	33	21
233	75	88	62
234	12	24	79
235	47	73	60
236	48	74	61
237	42	68	55
238	62	88	75
239	21	3	75
240	68	101	81
241	60	87	74
242	68	3	81
243	56	30	43
244	54	28	41
245	3	39	21
246	48	74	61
247	34	60	47
248	22	11	78
249	64	90	77
250	61	48	35
251	64	38	51
252	52	79	66
253	65	52	78
254	3	40	21
255	27	14	40
256	47	80	60
257	51	77	65
258	30	56	43
259	70	12	83
260	58	32	45
261	81	25	12
262	66	80	93
263	14	41	28
264	69	82	56
265	69	56	82
266	93	80	67
267	30	18	43
268	37	70	50
269	64	90	77
270	47	21	34
271	59	85	73
272	44	31	57
273	12	37	24
274	22	11	78
275	24	44	12
276	76	89	64
277	74	87	61
278	39	26	13
279	64	90	77
280	46	73	60
281	74	21	3
282	31	57	44
283	3	21	76
284	79	23	11
285	86	12	73
286	83	70	57
287	55	64	125
288	36	69	49
289	48	79	62
290	51	84	64
291	40	14	27
292	3	31	20
293	49	82	62
294	82	11	69
295	73	11	86
296	66	92	79
297	21	34	11
298	67	93	80
299	45	33	20
300	76	89	63
301	31	57	44
302	69	3	82
303	38	12	25
304	69	56	43
305	79	31	11
306	48	74	61
307	84	11	71
308	53	79	66
309	81	3	68
310	73	11	86
311	68	4	81
312	12	24	80
313	3	74	20
314	37	63	51
315	62	49	75
316	16	42	29
317	78	23	11
318	20	53	33
319	79	23	11
320	59	33	47
321	64	90	77
322	84	57	71
323	49	81	62
324	68	3	82
325	63	89	76
326	58	71	45
327	20	53	33
328	11	70	83
329	39	52	26
330	16	50	30
331	23	49	36
332	18	51	31
333	90	64	78
334	76	21	11
335	88	62	75
336	74	88	11
337	15	40	28
338	57	83	70
339	61	94	74
340	66	92	79
341	72	85	59
342	36	69	49
343	34	21	47
344	3	31	20
345	45	71	58
346	58	92	72
347	62	88	75
348	75	62	49
349	68	81	3
350	44	70	57
351	39	73	53
352	11	35	22
353	62	76	89
354	60	48	35
355	48	35	22
356	40	66	53
357	90	64	77
358	20	11	33
359	54	41	28
360	66	92	79
361	59	72	46
362	74	21	3
363	49	75	63
364	64	90	77
365	31	44	57
366	47	61	34
367	51	63	38
368	64	90	77
369	11	33	20
370	79	66	53
371	65	39	53
372	66	92	79
373	11	37	24
374	31	44	18
375	29	42	55
376	39	52	26
377	73	86	11
378	85	72	59
379	62	88	75
380	27	53	41
381	78	92	65
382	73	21	3
383	12	37	25
384	43	69	56
385	18	44	31
386	56	69	82
387	53	79	67
388	11	33	20
389	14	40	27
390	19	32	45
391	58	45	32
392	59	85	72
393	75	88	62
394	75	22	4
395	77	50	64
396	21	38	3
397	22	54	35
398	83	4	70
399	61	94	75
400	55	81	68
401	11	42	22
402	37	50	63
403	31	57	44
404	80	24	11
405	39	65	53
406	51	25	38
407	45	71	58
408	72	91	57
409	65	78	91
410	34	60	47
411	53	40	66
412	69	3	82
413	37	24	50
414	54	80	67
415	41	29	16
416	44	57	31
417	54	80	67
418	69	56	43
419	26	52	39
420	24	11	80
421	17	50	30
422	40	66	53
423	47	34	21
424	26	13	39
425	42	55	29
426	40	27	53
427	61	87	74
428	34	21	11
429	47	59	33
430	55	68	42
431	72	85	11
432	11	36	23
433	47	21	34
434	3	21	75
435	50	76	63
436	76	89	63
437	48	61	35
438	69	11	83
439	18	44	31
440	59	46	72
441	54	80	67
442	42	55	29
443	70	12	83
444	79	66	53
445	71	11	84
446	59	92	77
447	36	62	49
448	33	59	46
449	52	26	39
450	77	64	90
451	49	83	63
452	11	23	36
453	40	60	27
454	3	74	20
455	42	68	55
456	85	59	72
457	45	32	19
458	41	74	54
459	47	73	60
460	56	69	82
461	71	12	84
462	34	60	47
463	77	24	11
464	80	24	11
465	21	4	32
466	13	39	26
467	63	90	77
468	26	39	52
469	76	21	11
470	56	43	30
471	79	11	23
472	77	21	11
473	67	54	41
474	78	52	65
475	40	65	53
476	69	4	82
477	30	44	57
478	31	64	45
479	31	57	44
480	53	79	66
481	71	11	84
482	56	89	70
483	37	70	50
484	61	88	75
485	28	54	41
486	32	45	19
487	50	83	63
488	29	43	56
489	63	96	76
490	48	35	21
491	39	64	52
492	33	46	59
493	78	98	65
494	50	76	63
495	57	44	31
496	15	41	28
497	4	21	75
498	78	22	12
499	53	78	66
500	35	22	48
501	72	12	85
502	17	44	31
503	15	49	29
504	72	12	85
505	85	11	72
506	19	45	32
507	57	90	70
508	59	45	72
509	49	62	36
510	61	87	74
511	42	75	56
512	78	91	65
513	49	62	36
514	61	74	48
515	21	4	31
516	11	22	78
517	84	12	71
518	77	90	64
519	56	89	70
520	65	91	78
521	34	61	48
522	35	49	62
523	18	44	31
524	72	89	11
525	60	94	74
526	80	12	24
527	35	62	49
528	16	48	29
529	44	77	57
530	64	51	77
531	32	66	46
532	91	78	65
533	11	78	23
534	45	71	58
535	60	48	35
536	27	61	40
537	25	12	38
538	28	54	41
539	31	43	18
540	22	35	48
541	66	92	79
542	35	22	11
543	22	42	11
544	44	77	58
545	13	39	26
546	28	54	41
547	61	87	74
548	71	12	84
549	37	50	24
550	24	11	36
551	13	46	26
552	38	25	12
553	32	58	45
554	50	64	77
555	17	30	43
556	12	40	20
557	11	70	83
558	52	40	27
559	45	78	59
560	49	82	62
561	55	25	39
562	76	21	3
563	12	45	25
564	37	12	24
565	74	29	4
566	13	39	26
567	84	3	67
568	22	48	35
569	27	53	40
570	48	75	62
571	38	71	51
572	16	49	29
573	65	98	78
574	29	55	42
575	35	68	48
576	22	48	35
577	25	12	38
578	26	59	40
579	11	34	21
580	86	73	60
581	11	34	21
582	37	70	50
583	49	23	36
584	74	29	3
585	59	85	73
586	21	31	3
587	47	80	60
588	11	85	72
589	80	24	12
590	33	66	46
591	23	11	79
592	36	23	11
593	30	63	43
594	36	62	49
595	31	57	44
596	34	60	47
597	73	48	61
598	31	44	18
599	42	55	68
600	24	37	50
601	65	91	78
602	21	3	31
603	48	74	61
604	53	66	40
605	23	36	11
606	56	82	70
607	58	45	32
608	31	64	44
609	43	70	57
610	3	32	21
611	29	43	16
612	67	93	80
613	52	85	66
614	21	48	35
615	30	63	43
616	16	29	42
617	38	25	12
618	41	67	54
619	22	11	78
620	48	23	36
621	19	46	33
622	50	37	63
623	47	60	34
624	13	40	27
625	82	69	3
626	74	12	87
627	72	11	84
628	14	28	41
629	40	73	53
630	36	23	12
631	42	75	56
632	27	53	40
633	87	12	74
634	37	63	50
635	42	68	55
636	3	42	22
637	35	22	48
638	18	44	31
639	80	24	12
640	12	34	21
641	33	59	46
642	35	61	48
643	83	70	57
644	49	75	62
645	37	63	50
646	64	51	38
647	19	46	33
648	38	26	13
649	37	63	50
650	63	89	76
651	19	45	32
652	23	80	12
653	67	93	80
654	39	65	53
655	21	3	76
656	31	57	44
657	33	20	11
658	30	43	17
659	29	55	42
660	15	42	29
661	32	58	45
662	77	21	12
663	28	41	15
664	11	73	86
665	55	81	68
666	12	78	22
667	68	55	81
668	76	50	63
669	52	77	65
670	75	21	3
671	54	67	41
672	12	34	21
673	60	48	35
674	65	91	78
675	85	11	72
676	42	68	55
677	11	33	20
678	22	35	11
679	36	62	49
680	73	60	86
681	58	71	45
682	21	33	3
683	46	72	59
684	64	90	77
685	11	36	23
686	32	58	45
687	23	49	36
688	38	51	64
689	12	38	25
690	66	93	79
691	20	46	33
692	28	54	41
693	11	36	23
694	17	44	31
695	24	80	11
696	76	21	3
697	26	51	39
698	79	23	11
699	15	41	28
700	60	85	73
701	54	41	28
702	30	56	44
703	3	68	81
704	93	67	80
705	16	42	29
706	64	90	77
707	75	21	3
708	48	61	35
709	36	11	24
710	44	31	57
711	27	53	40
712	61	49	36
713	51	64	38
714	34	60	47
715	77	21	11
716	63	50	37
717	36	49	23
718	50	76	63
719	11	36	24
720	64	90	77
721	38	51	25
722	33	20	46
723	34	47	60
724	11	21	77
725	80	24	11
726	74	61	87
727	93	81	67
728	47	73	60
729	44	77	57
730	16	42	30
731	70	57	44
732	27	40	14
733	53	79	66
734	29	43	55
735	51	38	64
736	4	21	75
737	77	21	11
738	26	39	13
739	48	74	61
740	26	52	39
741	40	27	14
742	40	66	53
743	60	93	73
744	40	53	66
745	75	21	3
746	59	92	73
747	75	62	49
748	72	12	85
749	25	51	39
750	13	46	26
751	67	54	80
752	24	11	79
753	74	61	87
754	68	55	88
755	48	22	35
756	68	80	55
757	32	45	19
758	47	60	34
759	73	61	47
760	82	3	69
761	79	23	11
762	50	63	77
763	40	66	53
764	69	3	82
765	14	47	27
766	28	15	41
767	56	90	70
768	20	53	33
769	27	54	41
770	31	3	21
771	41	54	67
772	35	48	22
773	56	82	69
774	38	64	51
775	55	42	68
776	11	21	76
777	25	51	38
778	75	62	49
779	71	11	84
780	21	47	34
781	26	53	39
782	68	81	55
783	39	26	52
784	3	21	76
785	45	32	58
786	41	28	15
787	29	62	43
788	12	36	23
789	12	76	22
790	60	86	74
791	70	57	83
792	41	15	29
793	45	71	58
794	40	54	69
795	70	11	83
796	22	35	48
797	53	79	66
798	32	45	19
799	76	63	89
800	67	3	80
801	11	35	22
802	76	3	21
803	87	11	74
804	53	79	66
805	66	79	53
806	22	36	49
807	58	32	45
808	73	11	86
809	20	46	33
810	67	3	80
811	68	3	81
812	43	69	56
813	69	43	56
814	61	48	74
815	52	39	23
816	50	36	62
817	16	42	29
818	80	24	11
819	63	76	50
820	74	87	11
821	13	39	27
822	17	30	43
823	24	11	80
824	85	11	72
825	12	36	23
826	13	26	39
827	21	11	77
828	82	70	11
829	65	78	91
830	13	39	27
831	21	3	32
832	63	89	77
833	37	24	50
834	79	91	66
835	58	91	71
836	22	3	75
837	75	3	21
838	62	49	36
839	38	65	52
840	58	71	45
841	12	34	22
842	11	72	85
843	44	31	57
844	74	87	61
845	71	83	11
846	55	29	43
847	55	81	68
848	40	53	27
849	19	46	33
850	40	66	53
851	11	21	34
852	19	45	33
853	32	46	59
854	21	32	3
855	48	74	62
856	35	61	48
857	32	58	46
858	59	46	72
859	37	63	50
860	64	91	77
861	50	76	63
862	15	41	28
863	40	27	53
864	59	85	72
865	70	11	84
866	70	83	11
867	11	34	21
868	60	73	47
869	4	21	33
870	63	89	76
871	38	51	24
872	48	74	61
873	3	32	21
874	72	59	46
875	47	72	60
876	40	67	54
877	54	80	67
878	4	82	69
879	27	40	14
880	3	81	69
881	61	74	48
882	79	23	12
883	51	77	64
884	18	44	31
885	43	30	17
886	68	81	55
887	63	76	89
888	71	11	84
889	72	59	46
890	74	62	49
891	63	76	50
892	57	71	84
893	29	55	42
894	32	58	45
895	21	11	38
896	3	31	20
897	20	46	33
898	80	25	11
899	79	23	11
900	60	85	73
901	59	72	85
902	64	90	77
903	39	52	65
904	74	11	87
905	34	60	47
906	43	56	30
907	78	22	11
908	67	80	54
909	78	22	11
910	76	3	21
911	75	21	3
912	84	97	67
913	35	61	49
914	69	3	82
915	16	44	31
916	17	43	30
917	23	49	36
918	44	31	18
919	38	64	51
920	74	61	87
921	60	86	73
922	29	41	54
923	61	87	74
924	35	62	49
925	81	3	69
926	65	91	78
927	31	44	18
928	20	46	33
929	36	23	49
930	64	38	51
931	22	35	11
932	62	88	76
933	34	60	47
934	50	63	76
935	12	33	21
936	21	33	3
937	43	57	69
938	17	44	30
939	15	42	29
940	54	79	67
941	36	62	50
942	67	80	93
943	11	37	24
944	92	66	80
945	17	43	30
946	77	21	11
947	27	53	40
948	33	59	46
949	71	58	84
950	39	65	53
951	49	36	23
952	79	23	11
953	51	38	25
954	28	54	41
955	33	59	46
956	27	60	41
957	68	42	55
958	89	63	77
959	51	77	64
960	69	82	11
961	11	86	73
962	23	49	36
963	20	46	33
964	86	60	74
965	64	90	77
966	52	78	65
967	57	70	44
968	55	81	68
969	43	68	56
970	11	21	34
971	80	93	67
972	55	43	30
973	61	49	36
974	48	75	62
975	24	11	37
976	65	91	78
977	62	87	75
978	74	87	12
979	46	72	59
980	81	32	12
981	22	75	4
982	72	60	47
983	77	21	11
984	62	36	49
985	52	78	65
986	58	84	71
987	70	44	57
988	74	12	87
989	63	76	50
990	80	24	11
991	84	11	72
992	74	21	3
993	42	16	30
994	68	3	81
995	42	68	55
996	85	72	59
997	68	3	81
998	28	41	15
999	31	57	45
