=~=~=~=~=~=~=~=~=~=~=~= PuTTY log 2017.09.26 12:13:54 =~=~=~=~=~=~=~=~=~=~=~=


Reaction test
type	A+B+C
number	1000

max value	65536
unit	us

test	A	B	C
0	1056	1092	1081
1	571	558	582
2	374	361	385
3	190	213	203
4	316	340	329
5	1041	1031	1018
6	339	326	350
7	858	870	881
8	467	456	443
9	15	28	39
10	810	789	800
11	1075	20	11
12	161	172	149
13	871	847	860
14	700	712	723
15	387	411	400
16	580	569	556
17	369	356	380
18	754	778	767
19	187	178	196
20	589	613	602
21	21	3	1070
22	225	233	215
23	493	470	483
24	229	253	242
25	682	693	669
26	791	767	780
27	640	627	651
28	948	938	925
29	388	412	401
30	1031	1042	1018
31	711	720	700
32	718	707	695
33	915	904	891
34	156	180	170
35	835	824	811
36	955	945	932
37	961	972	948
38	521	508	532
39	618	604	629
40	1033	1020	1044
41	196	185	172
42	530	554	543
43	986	966	976
44	388	377	364
45	337	326	313
46	57	68	44
47	37	27	17
48	142	153	129
49	453	462	441
50	117	128	104
51	893	903	880
52	299	278	289
53	1036	1050	1060
54	252	273	263
55	264	251	275
56	579	600	590
57	986	1009	999
58	425	402	415
59	1097	1088	1076
60	306	295	283
61	700	691	681
62	327	351	340
63	1049	1061	1072
64	288	277	265
65	207	218	195
66	66	90	79
67	269	279	289
68	841	854	865
69	876	852	865
70	34	21	45
71	554	567	578
72	381	357	370
73	639	615	628
74	292	281	268
75	1057	1044	1068
76	105	82	95
77	285	309	298
78	128	115	139
79	980	990	967
80	37	24	48
81	330	340	317
82	650	639	658
83	795	784	772
84	58	83	72
85	981	970	957
86	725	738	749
87	303	280	293
88	420	433	444
89	168	177	158
90	616	629	640
91	351	363	374
92	469	446	459
93	194	205	181
94	1088	1126	1102
95	540	516	529
96	314	327	338
97	81	104	94
98	402	415	426
99	798	787	807
100	325	349	338
101	200	223	213
102	1086	1071	1058
103	149	138	125
104	405	382	395
105	442	456	429
106	914	927	937
107	517	507	526
108	800	789	776
109	113	137	126
110	888	864	878
111	804	827	817
112	1040	1064	1054
113	334	321	345
114	385	398	409
115	1006	992	1017
116	994	1007	1018
117	299	310	319
118	770	783	794
119	440	453	464
120	943	966	956
121	545	536	526
122	262	238	251
123	591	614	603
124	165	154	142
125	1078	1068	1055
126	992	981	969
127	132	121	109
128	1027	1016	1003
129	177	166	154
130	900	887	911
131	863	839	852
132	626	605	616
133	339	351	363
134	1020	1007	1031
135	543	523	534
136	192	216	205
137	1058	1073	1082
138	589	578	566
139	379	356	369
140	427	440	451
141	535	511	524
142	465	452	475
143	892	868	881
144	259	249	268
145	990	1003	1014
146	956	943	967
147	97	106	84
148	188	175	199
149	63	74	50
150	1064	1040	1053
151	726	736	713
152	409	386	399
153	607	631	621
154	323	300	313
155	612	623	596
156	588	601	612
157	851	840	828
158	816	826	803
159	609	620	596
160	854	865	841
161	7052	7061	7041
162	874	885	861
163	12	35	24
164	400	424	414
165	997	1008	984
166	134	145	121
167	220	231	208
168	660	684	673
169	339	350	326
170	726	750	739
171	518	529	505
172	1077	1088	1064
173	59	71	46
174	648	658	635
175	269	290	280
176	811	834	824
177	550	561	537
178	816	840	829
179	907	927	917
180	1044	1068	1058
181	727	737	717
182	838	827	814
183	933	922	909
184	464	453	441
185	528	517	504
186	858	847	835
187	40	29	16
188	955	944	931
189	437	423	410
190	741	730	717
191	432	422	412
192	763	752	739
193	2509	2500	2489
194	560	547	571
195	393	380	404
196	995	982	1006
197	1016	1002	1027
198	429	418	438
199	382	368	393
200	705	692	716
201	1033	1020	1044
202	1079	1067	1091
203	429	416	440
204	873	860	884
205	870	859	879
206	896	909	919
207	521	508	531
208	26	13	37
209	207	220	231
210	757	768	777
211	358	346	369
212	833	820	843
213	587	566	608
214	178	117	201
215	803	790	814
216	181	157	170
217	373	350	363
218	196	183	207
219	548	558	535
220	647	659	670
221	507	483	496
222	659	671	682
223	688	699	675
224	412	425	436
225	1029	1006	1018
226	466	455	442
227	898	921	911
228	162	175	186
229	452	465	476
230	923	900	913
231	734	754	744
232	865	888	878
233	245	254	231
234	354	331	344
235	327	350	340
236	352	340	363
237	163	142	153
238	590	577	601
239	505	529	518
240	954	967	978
241	411	423	398
242	900	924	913
243	676	688	699
244	946	958	969
245	1006	1030	1019
246	776	801	791
247	924	900	913
248	143	154	131
249	170	146	159
250	1057	1080	1070
251	625	614	601
252	38	50	61
253	34	45	22
254	916	939	929
255	1017	1040	1029
256	564	554	541
257	1042	1032	1022
258	506	485	496
259	1053	1042	1030
260	559	546	570
261	361	372	349
262	69	82	93
263	145	122	135
264	885	861	874
265	362	386	375
266	1038	1027	1015
267	481	457	470
268	304	293	280
269	468	457	444
270	402	391	378
271	462	486	475
272	1011	998	1021
273	394	406	417
274	127	104	117
275	767	779	790
276	910	923	934
277	62	75	85
278	121	134	145
279	368	357	344
280	997	986	974
281	1068	1080	11
282	1062	1038	1051
283	494	518	507
284	885	874	861
285	852	839	862
286	630	641	617
287	1072	1059	1083
288	23	12	34
289	985	994	975
290	832	821	809
291	520	511	529
292	23	12	1074
293	411	424	435
294	772	748	761
295	930	920	905
296	557	569	580
297	872	848	861
298	1032	1056	1045
299	204	193	180
300	643	632	619
301	592	605	616
302	359	346	370
303	525	513	536
304	891	911	901
305	932	943	919
306	646	659	670
307	32	11	22
308	172	183	159
309	531	521	508
310	822	798	812
311	665	652	677
312	1034	1024	1009
313	625	636	613
314	556	532	545
315	966	953	976
316	868	857	844
317	1059	1075	1090
318	515	504	491
319	773	762	750
320	176	163	187
321	931	944	954
322	391	400	376
323	552	576	565
324	673	657	688
325	508	496	520
326	763	740	752
327	129	106	119
328	1038	1051	1062
329	451	442	427
330	92	68	81
331	298	327	315
332	93	117	106
333	906	893	917
334	652	641	628
335	154	145	129
336	382	393	369
337	861	884	873
338	419	394	408
339	1040	1051	1027
340	87	98	74
341	971	995	984
342	1075	3	13
343	349	326	338
344	51	40	27
345	458	469	446
346	241	264	254
347	110	98	121
348	606	629	619
349	295	318	308
350	809	785	798
351	848	839	829
352	42	32	19
353	956	967	944
354	106	116	93
355	525	513	536
356	554	531	544
357	950	974	963
358	848	825	837
359	40	27	51
360	1036	1048	1059
361	1030	1018	1042
362	11	30	20
363	460	436	449
364	1011	1024	1035
365	734	721	745
366	983	997	970
367	222	211	198
368	691	679	703
369	24	1079	12
370	32	21	11
371	3	1077	20
372	934	910	923
373	384	397	408
374	102	91	78
375	41	54	65
376	524	535	511
377	170	181	157
378	549	537	560
379	702	678	691
380	592	605	616
381	83	93	70
382	145	133	119
383	623	599	612
384	669	657	644
385	1036	1048	1075
386	681	668	692
387	108	121	132
388	1024	1013	999
389	939	950	926
390	1019	1030	1006
391	780	768	791
392	337	346	327
393	574	564	583
394	787	811	800
395	523	547	536
396	905	887	916
397	31	21	12
398	485	508	498
399	985	995	1005
400	510	521	498
401	922	911	899
402	940	927	951
403	603	592	580
404	40	16	29
405	137	150	161
406	857	833	846
407	460	436	449
408	34	23	12
409	949	984	971
410	244	255	324
411	193	181	272
412	825	838	849
413	950	926	939
414	270	281	257
415	538	551	562
416	83	94	70
417	764	739	753
418	169	180	157
419	1036	1047	1023
420	454	467	478
421	486	473	497
422	523	499	512
423	311	288	301
424	65	42	55
425	151	139	163
426	320	299	310
427	803	790	814
428	851	827	840
429	696	675	686
430	819	806	830
431	342	362	352
432	907	921	932
433	119	140	130
434	1070	12	1082
435	639	663	653
436	1024	1037	1048
437	386	396	373
438	360	370	380
439	79	55	69
440	1072	1061	1048
441	1022	1008	1033
442	793	816	806
443	97	108	118
444	910	933	923
445	21	12	1072
446	692	715	705
447	585	596	573
448	531	542	519
449	994	985	974
450	91	104	115
451	758	725	737
452	839	827	814
453	443	420	432
454	449	460	436
455	715	692	704
456	552	528	541
457	825	802	814
458	798	818	808
459	329	342	352
460	505	495	515
461	231	243	254
462	1049	1065	1075
463	598	622	611
464	419	410	400
465	139	119	129
466	226	239	250
467	906	917	893
468	94	83	70
469	218	205	229
470	976	988	999
471	409	430	420
472	21	11	32
473	184	174	193
474	1049	1062	1073
475	876	886	863
476	92	81	68
477	913	889	902
478	137	113	126
479	1026	1015	1002
480	232	221	208
481	551	562	538
482	15	39	28
483	148	161	172
484	178	188	165
485	322	309	332
486	533	522	509
487	698	685	709
488	992	1003	979
489	129	120	110
490	569	545	558
491	400	420	410
492	518	529	505
493	941	965	954
494	859	838	849
495	73	50	62
496	575	588	599
497	531	519	543
498	525	511	536
499	616	593	605
500	95	107	77
501	358	347	335
502	710	697	721
503	249	238	224
504	161	150	138
505	850	826	839
506	842	831	818
507	642	618	631
508	190	203	213
509	698	730	717
510	1047	1037	1024
511	645	655	632
512	364	353	341
513	916	937	927
514	571	582	559
515	590	603	615
516	249	226	239
517	311	323	334
518	39	15	28
519	369	356	380
520	900	877	889
521	358	367	348
522	932	909	921
523	391	414	403
524	554	543	530
525	233	220	210
526	573	562	549
527	626	613	637
528	574	585	562
529	286	261	274
530	132	120	143
531	508	497	484
532	809	796	820
533	505	529	518
534	135	158	147
535	879	855	868
536	788	812	801
537	660	637	650
538	12	1081	1069
539	427	416	403
540	221	245	234
541	913	902	889
542	259	247	270
543	108	97	85
544	305	389	374
545	825	813	836
546	264	240	252
547	698	687	675
548	540	529	517
549	460	471	480
550	62	86	75
551	350	327	340
552	1060	1071	1048
553	94	105	82
554	159	148	136
555	669	684	654
556	232	208	221
557	269	258	246
558	594	608	581
559	23	34	11
560	1081	1057	1070
561	927	903	916
562	316	293	305
563	978	1002	991
564	805	829	818
565	486	510	499
566	798	787	807
567	886	896	873
568	274	289	258
569	656	632	645
570	490	479	467
571	348	369	359
572	444	431	455
573	955	944	931
574	463	442	453
575	999	988	976
576	990	965	979
577	291	314	303
578	1070	1046	1059
579	397	417	407
580	822	811	798
581	718	705	729
582	403	379	392
583	201	214	225
584	66	77	53
585	163	153	140
586	294	280	305
587	46	59	69
588	498	488	475
589	901	915	925
590	501	488	512
591	1073	1084	1061
592	686	676	661
593	1064	1074	1051
594	236	225	212
595	16	40	29
596	572	582	559
597	840	816	829
598	554	567	578
599	861	850	838
600	109	96	120
601	36	45	25
602	796	817	807
603	633	609	622
604	1019	1009	996
605	75	88	99
606	286	275	262
607	591	602	578
608	251	238	262
609	617	606	628
610	762	751	738
611	1031	1018	1042
612	179	203	192
613	90	100	77
614	608	585	598
615	679	666	690
616	167	177	154
617	251	262	238
618	114	126	137
619	1065	1056	1040
620	647	634	658
621	577	587	564
622	129	153	142
623	720	697	709
624	12	1080	23
625	435	448	459
626	540	508	519
627	12	20	1070
628	101	124	114
629	714	727	738
630	156	167	144
631	844	867	856
632	854	843	830
633	1076	1052	1065
634	1072	1059	1083
635	845	832	855
636	697	710	721
637	548	572	561
638	1007	1030	1020
639	477	464	450
640	640	627	651
641	939	915	928
642	336	323	347
643	497	474	486
644	670	683	694
645	205	216	193
646	56	32	45
647	514	525	502
648	126	117	107
649	815	804	792
650	204	220	229
651	929	905	918
652	489	476	500
653	398	385	409
654	410	423	434
655	625	636	613
656	956	946	933
657	748	774	761
658	860	880	870
659	453	440	464
660	933	922	910
661	48	25	38
662	1052	1028	1041
663	412	401	389
664	871	885	859
665	992	1019	1009
666	770	757	781
667	52	76	65
668	677	688	664
669	212	202	189
670	168	157	145
671	464	484	474
672	54	75	65
673	444	454	431
674	654	678	667
675	869	893	882
676	576	600	589
677	65	54	42
678	944	932	955
679	806	726	817
680	636	645	622
681	317	306	294
682	964	941	953
683	193	170	207
684	919	939	929
685	1070	1058	1085
686	454	443	430
687	211	188	200
688	644	621	634
689	982	992	1002
690	63	50	74
691	759	750	736
692	760	749	737
693	619	608	596
694	367	376	354
695	820	811	801
696	270	247	260
697	929	918	906
698	984	995	972
699	623	636	649
700	168	192	181
701	205	184	195
702	493	514	504
703	584	595	572
704	704	692	715
705	634	621	645
706	753	741	764
707	555	542	566
708	710	686	699
709	455	445	432
710	460	439	450
711	250	226	240
712	1065	1075	3
713	958	947	981
714	853	864	840
715	239	227	253
716	567	543	556
717	970	979	960
718	435	455	445
719	921	945	934
720	683	672	659
721	602	626	615
722	298	321	310
723	245	232	257
724	843	854	831
725	969	993	982
726	875	862	886
727	964	987	977
728	205	181	194
729	742	731	718
730	80	59	70
731	258	270	282
732	629	605	618
733	39	15	28
734	915	938	928
735	423	399	412
736	1043	1054	1030
737	695	705	682
738	952	965	976
739	748	728	738
740	332	345	356
741	497	511	521
742	428	442	453
743	346	359	370
744	705	714	689
745	515	502	525
746	623	612	634
747	728	704	717
748	490	503	514
749	263	253	240
750	122	147	137
751	346	335	323
752	408	397	385
753	977	954	966
754	350	337	361
755	772	759	783
756	867	882	855
757	654	641	665
758	187	200	211
759	686	675	662
760	91	104	115
761	210	197	219
762	251	262	239
763	362	375	385
764	366	353	377
765	258	235	247
766	341	330	317
767	207	227	217
768	469	457	480
769	908	897	885
770	23	11	1076
771	732	708	721
772	621	632	609
773	1008	1031	1021
774	240	253	264
775	75	64	52
776	1002	1040	2143
777	271	258	282
778	111	99	123
779	690	679	667
780	139	130	119
781	140	164	153
782	573	561	584
783	779	769	788
784	983	959	972
785	607	620	631
786	829	840	816
787	541	564	554
788	958	946	969
789	563	551	574
790	634	645	622
791	572	595	584
792	1060	1073	1083
793	380	367	391
794	601	590	578
795	798	811	822
796	530	519	506
797	422	443	433
798	435	422	446
799	580	567	591
800	487	500	511
801	628	618	605
802	36	12	25
803	647	636	623
804	819	843	832
805	966	979	990
806	101	88	112
807	990	1013	1003
808	451	438	462
809	872	883	859
810	253	242	262
811	196	209	220
812	863	852	872
813	539	515	528
814	899	886	910
815	709	698	685
816	254	243	263
817	541	532	521
818	462	451	438
819	504	480	493
820	737	747	724
821	942	962	952
822	580	591	567
823	38	62	51
824	751	774	763
825	129	116	140
826	157	134	147
827	242	231	219
828	450	462	438
829	195	164	180
830	662	649	673
831	355	332	345
832	358	334	347
833	985	1009	999
834	291	279	302
835	57	68	45
836	391	402	378
837	1077	3	1065
838	357	381	370
839	158	171	182
840	227	238	214
841	272	248	261
842	487	474	498
843	163	151	174
844	716	707	697
845	604	615	591
846	43	54	30
847	44	33	21
848	607	620	631
849	1044	1033	1020
850	11	1067	1079
851	759	773	787
852	729	704	717
853	261	287	274
854	974	950	963
855	670	658	682
856	703	716	727
857	402	378	391
858	109	133	122
859	557	545	568
860	1031	1045	1058
861	408	385	398
862	329	319	306
863	110	101	90
864	356	333	346
865	419	432	443
866	204	183	194
867	122	96	111
868	204	217	228
869	993	980	1003
870	207	181	197
871	518	495	507
872	39	15	28
873	1078	1089	1065
874	525	536	513
875	362	382	372
876	949	973	962
877	886	899	910
878	415	404	391
879	55	44	31
880	692	704	672
881	78	67	55
882	498	509	486
883	913	937	928
884	913	900	924
885	46	35	23
886	588	600	611
887	627	614	638
888	139	128	115
889	653	666	677
890	330	343	354
891	829	805	818
892	724	713	700
893	766	777	753
894	764	783	798
895	335	324	311
896	226	249	239
897	710	734	723
898	314	325	301
899	1059	1048	1036
900	722	707	731
901	581	592	568
902	207	218	228
903	752	765	776
904	139	128	115
905	822	833	809
906	157	134	147
907	377	390	401
908	848	868	858
909	926	915	903
910	701	711	688
911	288	301	312
912	741	765	752
913	371	381	358
914	420	409	429
915	663	651	674
916	223	234	211
917	340	364	353
918	313	302	289
919	159	148	135
920	355	369	379
921	631	618	642
922	236	260	250
923	1011	1002	991
924	394	380	367
925	931	943	954
926	435	447	459
927	1051	1075	1064
928	496	520	509
929	786	774	797
930	801	825	814
931	693	717	706
932	23	35	46
933	237	247	257
934	913	900	924
935	295	284	271
936	706	718	729
937	757	733	746
938	260	271	247
939	213	224	200
940	691	658	670
941	357	380	370
942	403	392	380
943	1023	1010	1034
944	185	197	209
945	195	186	176
946	183	194	170
947	646	669	658
948	452	429	442
949	883	895	906
950	775	799	789
951	1066	1041	1055
952	172	195	184
953	233	257	247
954	980	970	957
955	628	615	592
956	659	648	635
957	970	980	993
958	327	314	338
959	678	693	662
960	613	637	626
961	704	691	714
962	639	663	652
963	815	803	826
964	201	212	188
965	315	305	292
966	1066	1077	1054
967	557	547	534
968	608	584	597
969	532	556	545
970	982	959	972
971	196	172	185
972	78	67	55
973	681	657	671
974	588	576	599
975	729	718	706
976	772	785	796
977	1059	1048	1035
978	380	391	367
979	309	295	318
980	526	513	537
981	964	977	988
982	740	729	717
983	93	69	82
984	62	72	49
985	1040	1051	1028
986	752	741	728
987	432	421	408
988	587	611	600
989	482	471	459
990	771	790	805
991	523	499	513
992	70	57	82
993	182	192	169
994	514	490	504
995	176	189	200
996	65	54	41
997	140	127	151
998	61	50	37
999	1060	1047	1070
