=~=~=~=~=~=~=~=~=~=~=~= PuTTY log 2017.09.26 12:11:54 =~=~=~=~=~=~=~=~=~=~=~=


Reaction test
type	A+B+C
number	1000

max value	65536
unit	us

test	A	B	C
0	478	469	454
1	633	624	614
2	302	311	292
3	1025	1015	954
4	456	465	381
5	514	524	457
6	63	53	43
7	762	753	743
8	381	371	362
9	934	925	915
10	88	98	28
11	930	940	856
12	296	306	230
13	90	80	3
14	823	813	738
15	474	484	400
16	108	118	1072
17	412	402	329
18	225	234	215
19	909	900	890
20	1037	1027	1017
21	430	439	420
22	334	325	315
23	1077	11	1067
24	237	246	225
25	127	117	108
26	286	277	267
27	901	892	882
28	940	930	871
29	51	41	1017
30	196	206	123
31	197	207	124
32	863	873	789
33	792	782	707
34	1075	1065	992
35	827	817	807
36	54	63	44
37	864	873	854
38	1044	1035	1025
39	956	965	946
40	386	377	367
41	559	550	540
42	721	772	711
43	198	261	188
44	61	130	52
45	310	383	301
46	448	512	438
47	670	735	660
48	672	730	662
49	483	474	464
50	120	111	101
51	682	672	611
52	1047	1057	972
53	1044	1033	959
54	822	831	747
55	1060	1070	985
56	259	269	184
57	166	156	81
58	952	962	877
59	688	698	613
60	1044	3	971
61	553	563	479
62	751	741	667
63	834	823	744
64	371	381	297
65	624	614	539
66	916	906	832
67	922	912	837
68	701	711	627
69	716	706	631
70	401	410	391
71	376	367	357
72	852	861	842
73	675	684	665
74	609	618	600
75	881	890	871
76	1004	995	985
77	371	380	361
78	507	497	487
79	104	94	31
80	937	947	864
81	481	471	411
82	638	648	563
83	397	387	312
84	135	145	62
85	1006	1016	931
86	906	916	833
87	880	890	805
88	1011	1001	926
89	962	952	879
90	225	235	152
91	54	44	34
92	1032	1022	1012
93	308	299	289
94	219	210	200
95	619	610	600
96	695	686	676
97	298	289	279
98	1007	1016	997
99	405	414	395
100	403	394	384
101	751	742	732
102	221	211	200
103	358	367	347
104	1060	1051	1040
105	354	363	344
106	229	219	210
107	233	242	223
108	196	186	176
109	536	527	517
110	12	20	1075
111	185	194	176
112	353	343	334
113	975	984	965
114	336	326	316
115	310	319	300
116	784	775	765
117	617	607	598
118	985	976	966
119	622	631	612
120	574	583	564
121	176	167	103
122	544	534	459
123	729	680	671
124	744	680	670
125	918	854	844
126	69	1049	1039
127	751	634	624
128	340	191	181
129	182	42	33
130	170	106	96
131	649	574	564
132	366	314	304
133	35	1052	1042
134	601	536	526
135	1038	973	963
136	110	38	28
137	114	42	32
138	897	838	829
139	996	986	976
140	647	656	638
141	538	528	518
142	402	393	383
143	846	855	836
144	298	309	236
145	248	258	175
146	420	410	348
147	453	443	433
148	843	834	824
149	870	861	851
150	736	745	727
151	242	233	223
152	1022	1013	1003
153	472	463	453
154	764	774	700
155	17	27	986
156	671	681	544
157	999	1009	864
158	146	156	3
159	525	536	385
160	497	507	328
161	958	968	783
162	396	406	255
163	528	538	388
164	135	145	1064
165	911	922	770
166	118	128	1047
167	434	443	289
168	736	746	560
169	947	956	767
170	172	182	1057
171	498	508	280
172	516	526	272
173	284	294	11
174	835	844	526
175	713	722	372
176	396	406	58
177	31	41	765
178	566	576	227
179	967	977	631
180	958	968	652
181	308	318	30
182	963	973	710
183	14	24	846
184	342	352	106
185	691	701	451
186	516	526	269
187	378	388	135
188	507	517	259
189	627	637	376
190	502	512	247
191	930	940	695
192	822	832	616
193	1058	1068	879
194	535	545	351
195	796	806	608
196	1003	1013	843
197	415	425	284
198	273	283	199
199	641	631	557
200	1003	1012	993
201	968	977	958
202	501	492	482
203	629	620	610
204	112	102	92
205	321	311	302
206	388	397	378
207	364	354	290
208	563	553	450
209	570	560	423
210	947	937	863
211	986	976	901
212	581	591	506
213	1008	998	925
214	725	735	651
215	1039	1029	954
216	272	283	198
217	985	995	910
218	40	31	20
219	949	940	930
220	354	345	335
221	41	50	31
222	329	338	319
223	1077	3	1067
224	956	946	936
225	25	33	15
226	152	161	142
227	294	285	275
228	471	462	452
229	506	497	487
230	707	715	697
231	555	545	484
232	863	853	779
233	897	887	813
234	188	198	114
235	1037	1027	953
236	384	394	310
237	68	78	1034
238	793	783	709
239	616	626	541
240	960	970	887
241	99	89	79
242	718	709	699
243	622	632	564
244	387	397	312
245	394	384	318
246	400	409	390
247	195	186	176
248	883	873	813
249	603	613	528
250	552	562	488
251	1027	1036	1018
252	719	709	699
253	900	848	839
254	83	1076	1066
255	511	453	444
256	20	29	11
257	891	900	881
258	572	563	553
259	961	970	951
260	382	391	372
261	677	686	667
262	597	607	538
263	43	53	1035
264	382	372	310
265	210	220	137
266	788	798	715
267	433	443	358
268	190	180	106
269	231	240	221
270	675	684	665
271	931	940	921
272	770	761	751
273	338	347	328
274	1039	1029	1019
275	851	860	841
276	800	809	790
277	690	699	681
278	1042	1051	1033
279	916	925	906
280	1006	996	985
281	872	862	800
282	412	402	327
283	522	532	447
284	457	447	373
285	80	70	1041
286	491	501	417
287	625	615	605
288	983	992	973
289	872	862	852
290	957	948	938
291	546	536	526
292	640	630	620
293	817	826	808
294	853	844	834
295	985	994	975
296	164	173	154
297	310	300	290
298	127	178	118
299	433	495	424
300	1013	1086	1004
301	123	207	113
302	31	143	21
303	560	701	550
304	1014	77	1004
305	174	285	164
306	514	586	504
307	301	350	291
308	455	446	436
309	554	563	544
310	578	587	568
311	340	349	329
312	764	773	753
313	975	966	956
314	451	460	441
315	729	715	706
316	1000	990	980
317	885	894	875
318	882	873	863
319	714	704	640
320	338	348	264
321	849	839	765
322	419	408	335
323	652	660	642
324	986	995	976
325	492	543	482
326	950	1015	941
327	608	667	598
328	556	565	546
329	730	720	710
330	129	119	109
331	500	490	481
332	711	720	701
333	239	289	230
334	783	848	773
335	407	460	398
336	159	168	149
337	495	486	476
338	256	246	236
339	107	98	88
340	1032	1041	1022
341	216	207	197
342	108	117	97
343	343	333	323
344	414	405	395
345	489	480	470
346	795	785	724
347	502	492	417
348	177	188	103
349	83	93	1051
350	724	714	640
351	996	987	977
352	44	34	25
353	665	656	646
354	374	382	363
355	157	166	147
356	952	942	932
357	197	206	187
358	263	272	254
359	1054	1045	1035
360	348	357	338
361	736	727	717
362	244	235	225
363	252	243	233
364	774	764	699
365	181	171	96
366	743	733	672
367	321	311	236
368	633	623	550
369	796	786	712
370	790	780	706
371	305	295	221
372	960	950	877
373	182	192	108
374	315	325	241
375	956	945	871
376	309	299	225
377	962	972	890
378	821	812	802
379	356	346	336
380	768	777	758
381	249	240	230
382	548	557	537
383	696	686	677
384	79	88	69
385	93	102	84
386	514	504	494
387	724	714	704
388	12	21	3
389	781	772	762
390	370	361	351
391	571	562	552
392	206	197	187
393	154	145	135
394	887	878	868
395	1013	1004	994
396	616	607	597
397	294	303	284
398	47	37	27
399	343	352	333
400	616	607	597
401	382	391	372
402	1048	1057	1038
403	1065	1056	1046
404	931	940	921
405	85	76	66
406	460	450	440
407	309	300	290
408	894	885	874
409	924	915	905
410	267	276	257
411	229	220	210
412	228	218	208
413	257	266	247
414	696	686	624
415	322	332	248
416	130	139	120
417	759	749	739
418	991	982	972
419	206	196	186
420	211	220	201
421	437	446	427
422	900	909	890
423	782	728	719
424	402	332	322
425	60	1066	1056
426	114	51	41
427	468	403	393
428	15	988	978
429	712	640	630
430	258	186	177
431	402	338	328
432	79	1065	1055
433	873	809	799
434	828	764	754
435	195	131	121
436	45	1032	1023
437	721	657	647
438	946	882	872
439	350	294	284
440	218	227	208
441	824	815	805
442	746	757	687
443	279	269	195
444	890	880	806
445	544	554	469
446	225	215	141
447	184	173	99
448	814	824	740
449	377	367	358
450	975	984	965
451	105	114	96
452	955	946	936
453	856	866	794
454	681	671	596
455	474	464	389
456	189	179	104
457	299	308	289
458	945	954	935
459	900	909	890
460	1071	1062	1052
461	894	884	874
462	755	746	736
463	316	325	306
464	62	52	43
465	418	408	399
466	300	291	281
467	814	804	795
468	469	478	459
469	922	932	860
470	684	673	599
471	672	682	598
472	954	944	869
473	747	737	663
474	77	67	1034
475	32	22	985
476	704	715	630
477	93	83	11
478	119	108	34
479	48	57	38
480	110	119	100
481	485	494	475
482	537	546	527
483	170	161	151
484	720	711	701
485	53	44	34
486	376	367	357
487	503	513	445
488	256	266	182
489	348	359	284
490	470	460	385
491	864	854	743
492	510	500	358
493	989	979	836
494	873	883	798
495	477	487	403
496	82	92	1072
497	617	607	532
498	1026	1036	952
499	741	750	731
500	806	796	786
501	414	404	395
502	586	595	576
503	628	619	609
504	710	701	691
505	690	681	671
506	826	835	817
507	84	93	74
508	419	429	359
509	938	928	854
510	511	521	447
511	130	139	57
512	341	332	259
513	947	937	862
514	31	21	976
515	498	489	348
516	308	298	128
517	369	359	154
518	209	199	1026
519	891	881	645
520	209	200	1029
521	855	845	597
522	125	115	935
523	203	193	1043
524	992	982	755
525	714	704	459
526	1047	1037	788
527	298	288	32
528	781	772	513
529	116	106	880
530	25	15	758
531	622	612	307
532	945	935	625
533	97	87	814
534	245	235	929
535	979	968	588
536	1024	1014	630
537	819	809	420
538	56	45	719
539	791	781	387
540	442	432	67
541	546	536	133
542	831	821	415
543	323	312	966
544	247	237	884
545	319	309	929
546	731	721	266
547	140	130	740
548	86	76	658
549	653	643	121
550	1039	1029	474
551	601	591	49
552	450	440	993
553	177	166	743
554	837	827	355
555	495	485	16
556	788	778	312
557	787	777	309
558	692	682	212
559	67	57	654
560	494	485	16
561	81	68	664
562	772	762	284
563	469	459	1015
564	113	103	664
565	21	3	529
566	250	240	734
567	697	687	74
568	830	820	194
569	772	759	124
570	689	679	37
571	748	738	42
572	1019	1009	304
573	493	483	876
574	895	886	201
575	506	496	871
576	394	384	707
577	755	745	1069
578	437	427	751
579	525	515	806
580	328	318	577
581	484	474	727
582	453	442	686
583	1065	1055	212
584	860	850	4
585	436	426	653
586	1029	1020	173
587	350	340	567
588	118	108	338
589	666	656	879
590	861	851	1061
591	819	809	1010
592	739	729	919
593	1052	1042	153
594	823	812	982
595	24	13	169
596	21	4	82
597	1025	1016	1090
598	513	503	522
599	484	474	493
600	351	341	360
601	82	61	72
602	961	941	952
603	870	849	860
604	658	638	648
605	435	425	444
606	375	355	365
607	163	94	153
608	897	823	907
609	529	454	540
610	665	645	655
611	171	151	161
612	583	573	592
613	443	423	433
614	720	700	710
615	272	252	262
616	689	669	679
617	57	37	47
618	880	860	870
619	824	814	833
620	161	141	151
621	129	109	119
622	466	456	475
623	545	535	554
624	295	285	304
625	484	474	493
626	918	898	908
627	423	413	432
628	701	680	691
629	236	174	246
630	759	685	769
631	830	810	820
632	1072	1052	1062
633	61	41	51
634	621	551	611
635	34	998	24
636	168	85	158
637	500	416	490
638	74	1053	64
639	722	595	668
640	441	296	369
641	723	577	650
642	390	244	317
643	871	725	798
644	866	732	742
645	545	471	481
646	745	674	683
647	853	775	784
648	1049	975	985
649	625	549	559
650	739	670	680
651	445	424	435
652	503	483	493
653	999	989	1008
654	1065	1045	1055
655	98	78	88
656	105	84	95
657	526	506	516
658	158	138	148
659	745	724	735
660	77	57	67
661	131	111	121
662	481	417	491
663	543	470	553
664	109	1067	119
665	364	227	374
666	681	544	691
667	137	1035	147
668	419	212	429
669	188	1019	198
670	419	184	429
671	459	219	470
672	1070	824	11
673	857	581	867
674	936	626	947
675	297	1026	307
676	1025	648	1035
677	371	1062	381
678	449	73	459
679	877	469	887
680	240	897	250
681	958	537	968
682	550	126	560
683	416	1049	427
684	663	219	673
685	81	695	91
686	540	69	550
687	427	1019	438
688	984	510	994
689	883	411	893
690	138	736	148
691	632	187	642
692	13	614	24
693	662	218	672
694	11	630	21
695	554	96	564
696	270	827	280
697	503	1030	514
698	506	999	516
699	835	220	845
700	890	266	900
701	898	264	908
702	296	723	306
703	12	426	23
704	567	970	577
705	113	529	123
706	528	975	539
707	985	346	995
708	1037	364	1047
709	583	947	593
710	400	765	410
711	542	933	552
712	361	776	372
713	296	735	306
714	773	134	783
715	1005	332	1015
716	669	1061	679
717	241	626	275
718	479	887	490
719	814	141	824
720	292	682	302
721	635	1013	646
722	40	408	50
723	98	422	108
724	542	870	552
725	215	543	225
726	111	438	121
727	605	927	615
728	108	429	118
729	654	1003	665
730	397	690	407
731	525	810	535
732	494	760	504
733	578	871	588
734	440	762	451
735	395	720	405
736	76	399	86
737	815	90	825
738	938	236	948
739	11	410	20
740	396	822	406
741	591	1008	601
742	936	272	946
743	772	102	782
744	364	739	374
745	1038	302	1048
746	508	830	519
747	361	689	372
748	570	897	580
749	810	64	820
750	709	1034	719
751	82	373	92
752	647	907	657
753	853	35	863
754	212	450	222
755	194	423	204
756	986	90	996
757	740	874	751
758	342	468	353
759	15	90	26
760	814	891	823
761	556	576	566
762	64	84	74
763	198	208	218
764	865	875	885
765	34	54	44
766	562	582	572
767	216	228	238
768	603	613	622
769	788	798	808
770	79	99	89
771	700	720	710
772	696	707	717
773	572	646	632
774	616	700	690
775	892	903	913
776	802	822	812
777	1070	21	11
778	795	815	805
779	375	395	385
780	1065	1074	1084
781	14	24	34
782	41	62	52
783	1044	30	40
784	253	317	327
785	202	212	222
786	1014	1024	1034
787	372	382	392
788	468	488	478
789	542	562	552
790	395	456	404
791	889	963	899
792	675	750	685
793	276	351	286
794	882	957	892
795	446	520	456
796	290	371	300
797	886	957	895
798	470	490	480
799	840	860	850
800	342	352	361
801	600	658	609
802	731	804	740
803	180	252	189
804	687	762	697
805	813	894	823
806	388	454	397
807	81	101	91
808	1009	1029	1020
809	362	372	382
810	833	853	843
811	583	593	603
812	554	574	564
813	328	348	338
814	527	547	537
815	412	432	422
816	382	392	402
817	508	518	528
818	179	200	190
819	443	463	453
820	579	589	599
821	186	197	206
822	483	494	503
823	719	739	729
824	616	626	636
825	434	495	505
826	465	548	538
827	852	927	937
828	171	254	244
829	981	991	1000
830	472	483	492
831	574	594	584
832	699	710	719
833	715	735	725
834	839	849	858
835	699	719	709
836	950	1014	1024
837	288	362	372
838	1036	71	81
839	768	842	852
840	338	422	412
841	989	3	1062
842	715	798	788
843	555	638	628
844	736	821	811
845	536	621	611
846	772	781	791
847	562	582	572
848	783	804	794
849	672	682	692
850	308	318	328
851	122	132	142
852	351	421	411
853	212	303	293
854	429	502	513
855	429	503	513
856	444	529	519
857	143	153	163
858	761	781	771
859	884	946	956
860	430	503	513
861	96	167	157
862	242	326	316
863	890	975	965
864	954	1027	1037
865	448	523	533
866	86	194	204
867	74	212	222
868	17	153	163
869	84	252	262
870	42	218	228
871	482	624	634
872	745	887	897
873	984	53	63
874	393	562	572
875	827	1000	1010
876	1041	152	162
877	789	946	956
878	890	1032	1042
879	762	901	911
880	337	478	488
881	377	514	525
882	366	537	547
883	123	325	335
884	864	30	40
885	498	736	746
886	163	408	418
887	141	392	402
888	377	632	642
889	436	703	713
890	90	363	374
891	1062	309	319
892	575	919	929
893	52	388	398
894	400	733	743
895	389	696	706
896	853	66	76
897	829	14	25
898	164	399	409
899	795	1029	1039
900	1059	224	234
901	280	514	524
902	1016	185	196
903	461	706	716
904	165	410	420
905	701	979	989
906	1035	273	283
907	810	79	89
908	637	970	980
909	801	37	47
910	204	481	491
911	737	1011	1022
912	526	776	787
913	741	974	984
914	1044	213	223
915	680	927	937
916	352	605	615
917	418	654	665
918	451	691	701
919	158	405	415
920	216	461	471
921	46	322	332
922	34	344	354
923	754	19	29
924	148	452	462
925	645	923	933
926	776	1057	1067
927	79	374	385
928	381	676	686
929	356	656	666
930	763	37	47
931	261	632	642
932	566	942	952
933	218	604	614
934	949	273	283
935	36	437	447
936	947	290	300
937	444	854	864
938	450	866	877
939	11	429	439
940	854	210	221
941	408	844	854
942	866	236	246
943	509	919	930
944	661	1043	1053
945	692	1064	1075
946	218	622	633
947	1039	409	419
948	186	629	640
949	368	817	827
950	285	747	757
951	447	905	916
952	189	653	663
953	597	1069	3
954	848	252	263
955	575	1056	1066
956	123	609	619
957	694	109	119
958	30	498	508
959	745	113	123
960	418	860	870
961	301	778	788
962	864	267	277
963	87	528	538
964	356	798	808
965	312	790	800
966	737	145	155
967	825	265	275
968	327	867	876
969	933	408	418
970	768	212	223
971	24	511	522
972	762	151	161
973	204	668	678
974	215	691	701
975	823	265	275
976	447	988	998
977	582	86	97
978	978	481	491
979	552	54	64
980	284	853	863
981	900	373	383
982	690	135	146
983	374	856	866
984	309	798	808
985	272	764	774
986	697	101	111
987	779	181	192
988	574	1017	1027
989	963	310	320
990	475	896	907
991	610	18	29
992	211	695	705
993	785	208	218
994	584	16	26
995	658	90	100
996	748	151	161
997	395	867	877
998	352	829	839
999	98	582	592
