=~=~=~=~=~=~=~=~=~=~=~= PuTTY log 2017.09.26 11:47:17 =~=~=~=~=~=~=~=~=~=~=~=


Reaction test
type	A+B+C
number	1000

max value	65536
unit	us

test	A	B	C
0	1912	1902	1884
1	3	19926	19898
2	13160	3	13132
3	3	11183	11155
4	25716	3	25688
5	3	16396	16369
6	21395	3	21367
7	4	18796	18768
8	11473	4	11445
9	3	15022	14995
10	14144	3	14116
11	4	25485	25457
12	26855	3	26828
13	3	21857	21829
14	28011	3	27984
15	33313	33341	33331
16	21350	3	21322
17	16339	16349	16359
18	4900	4863	4872
19	3	33283	33293
20	12153	12125	12134
21	3	24586	24596
22	24828	24800	24809
23	3	9316	9326
24	13288	13259	13268
25	3	34291	34301
26	18835	18806	18816
27	3	25532	25542
28	23228	23200	23209
29	3	11182	11192
30	18500	18472	18481
31	3	22005	22015
32	18508	18479	18489
33	3	25047	25057
34	10661	10633	10642
35	3	15735	15745
36	20	11	29
37	4	24507	24517
38	26348	26338	26328
39	3	12	30
40	19124	19133	19143
41	25692	25712	25703
42	28897	28917	28907
43	22546	22566	22556
44	25787	25807	25797
45	28164	28194	28174
46	30125	30179	30142
47	22059	22079	22070
48	8717	8737	8727
49	21048	21068	21058
50	23630	23640	23620
51	3	11055	11091
52	3961	3951	3942
53	23282	23293	23303
54	19404	19394	19385
55	3	19116	19126
56	23695	23704	23685
57	3	14830	14866
58	29818	29827	29808
59	3	12175	12211
60	20332	20341	20322
61	3	10500	10519
62	30727	30736	30717
63	3	6454	6473
64	32362	32370	32352
65	3	8163	8182
66	36090	36099	36080
67	20560	3	20571
68	24392	24401	24383
69	6304	3	6276
70	3	8185	8213
71	34112	34102	34092
72	3	12996	13023
73	15512	15503	15493
74	4	1439	1467
75	35673	35663	35653
76	3	12	25334
77	29877	29868	29858
78	3	9849	9859
79	32578	32568	32555
80	3	12435	12445
81	21825	21815	21805
82	3	11914	11924
83	30623	30595	30604
84	3	5393	5403
85	32556	32546	32537
86	3	17606	17616
87	24727	24717	24707
88	3	14858	14868
89	29032	29023	29013
90	3	12579	12589
91	17062	17053	17043
92	3	19540	19550
93	14541	14532	14522
94	4	20898	20908
95	13584	13575	13565
96	3	15505	15515
97	34906	34897	34887
98	3	11443	11453
99	30187	30178	30168
100	3	4421	4431
101	16654	16644	16635
102	3	10576	10586
103	12426	12417	12407
104	3	2999	3009
105	17775	17765	17755
106	3	8809	8819
107	5	32	22
108	3	18983	18993
109	4	29235	29207
110	33792	33801	33775
111	3	20003	20012
112	29015	29006	28996
113	3	12	8307
114	5	33	23
115	3	15901	15911
116	3	38818	38799
117	14636	3	14646
118	30691	30673	30664
119	3	12261	12251
120	16583	16565	16556
121	3	6876	6866
122	13400	13372	13363
123	3	12443	12433
124	9621	9603	9594
125	3	15601	15591
126	20272	20254	20245
127	3	24475	24465
128	25148	25130	25121
129	3	18312	18302
130	21663	21645	21635
131	3	12456	12446
132	15549	15531	15522
133	3	18132	18122
134	16522	16504	16495
135	3	30	12
136	14126	14145	14135
137	3	26998	26978
138	23304	3	19234
139	3	32620	32592
140	14626	3	14636
141	6757	6730	6721
142	3	31	12
143	7	16	26
144	10301	10310	10319
145	21563	21554	21544
146	3	12	30
147	33	5	23
148	17820	17829	17839
149	29290	29262	29271
150	3	14536	14546
151	29413	29404	29394
152	3	12	22
153	38720	38729	38710
154	8306	3	8296
155	28672	28681	28662
156	13	4	22
157	4032	4022	4013
158	4	23338	23319
159	3	3750	3768
160	29136	29145	29127
161	3	12	22
162	29995	29977	29968
163	3	8852	8824
164	13226	13208	13198
165	3	17665	17637
166	16832	16804	16795
167	3	31	12
168	12844	12835	12825
169	3	34775	34785
170	16085	16076	16067
171	16848	16858	30508
172	4	7759	7723
173	26527	26498	26507
174	3	27994	27984
175	6258	6230	6239
176	3	21231	21222
177	14385	14356	14366
178	3	14805	14795
179	11780	11752	11761
180	3	35348	35338
181	11210	11181	11191
182	3	34837	34828
183	10231	10203	10212
184	3	38487	38468
185	11452	11433	11442
186	3	27572	27562
187	20393	20374	20383
188	3	27023	27013
189	12	3	21
190	3	12	30
191	11879	11888	11898
192	3	29765	29802
193	16748	16739	16729
194	3	27338	27348
195	1895	1886	1876
196	3	22	12
197	3	35145	35182
198	17	7	35
199	3	27610	27620
200	17	7	35
201	30382	30392	30402
202	15	5	33
203	3	4818	4808
204	3	29690	29726
205	14	4	33
206	30889	30900	30909
207	4307	4297	4288
208	3	14711	14748
209	3399	3385	3376
210	28595	28605	28615
211	10191	10182	10172
212	3	27891	27901
213	15	5	24
214	3	36285	36295
215	18	8	36
216	3	32541	32551
217	12237	12227	12218
218	3	24322	24332
219	6577	6568	6559
220	3	39183	39193
221	5774	5764	5754
222	3	27628	27638
223	16	6	34
224	3	2159	2131
225	4234	4253	4243
226	34291	34306	34315
227	5516	5506	5495
228	3	32501	32547
229	35	7	25
230	3	12	22
231	7691	7680	7669
232	19285	19323	19295
233	19722	3	19732
234	3	11478	11451
235	12	3	21
236	1379	1369	1360
237	4678	4716	4688
238	27624	3	27633
239	3	27885	27857
240	39908	3	39917
241	3	48553	36565
242	3	30986	45895
243	860	0	0
244	1035	1008	997
245	3	21862	21872
246	28920	28947	28937
247	31	3	12
248	6786	6814	6795
249	3	23251	23287
250	28329	28338	28319
251	3	19773	19809
252	28430	28439	28417
253	14664	3	14654
254	18533	18523	18514
255	3	16365	16337
256	3	12955	12992
257	23033	23042	23023
258	3	20424	20461
259	33081	33072	33062
260	3	17161	17188
261	27873	27864	27854
262	3	13157	13129
263	3	269	305
264	20989	20998	20979
265	3	20780	20817
266	23055	23064	23046
267	4	21	31
268	31420	31429	31410
269	3	11674	11710
270	25466	25475	25456
271	3	12468	12505
272	38627	38636	38617
273	23832	4	23841
274	17654	17664	17642
275	7779	3	7751
276	4	36080	36052
277	3	22	59
278	29972	29981	29963
279	4	21	31
280	5644	5671	5635
281	4068	4049	4058
282	3	12	31
283	1133	1142	1152
284	39017	39026	39053
285	18	7	36
286	3	22	12
287	5037	5065	5055
288	36025	36033	36053
289	18	9	37
290	3	8022	7994
291	3	27421	27440
292	7	34	24
293	3	6800	6809
294	3	35876	35839
295	16493	3	16503
296	14581	14553	14544
297	3	28192	28182
298	8404	8377	8368
299	3	17862	17852
300	36	8	26
301	3	30204	30194
302	18194	18176	18167
303	3	26806	26796
304	20811	20793	20783
305	3	25994	26004
306	10455	10437	10427
307	3	30	12
308	7	26	16
309	37786	37814	37795
310	13190	3	13217
311	3	23172	23153
312	18360	18338	18350
313	3	21599	21635
314	13170	13142	13160
315	3	19893	19930
316	4821	4793	4811
317	4	27136	27172
318	16	6	34
319	3	34036	34017
320	10543	3	13
321	3	12	22
322	39120	39092	39101
323	3	2589	2579
324	3	6951	6987
325	5098	5088	5079
326	427	446	436
327	12	3	31
328	18794	18785	18776
329	3	22	12
330	11672	11662	11699
331	9818	9809	9799
332	3	21	12
333	7669	7660	7696
334	358	349	339
335	8764	8783	8773
336	3	2542	2578
337	7029	7020	7010
338	9	36	18
339	6	25	15
340	39250	39278	39259
341	31	3	12
342	5932	5941	5959
343	22200	22171	22181
344	3	16658	16648
345	3	7024	7060
346	39647	39674	39664
347	3426	3	3416
348	3	24175	24138
349	16034	3	16024
350	3	32011	31983
351	22	3	12
352	3	12	21
353	3	37342	37315
354	107	88	97
355	3	3937	3947
356	3	39901	39865
357	4820	3	4810
358	25817	25808	25798
359	4	8314	8286
360	4	812	848
361	2509	2500	2491
362	11956	11984	11964
363	3	10035	10062
364	38003	38021	37994
365	11035	11045	11055
366	21333	21305	21314
367	3	10574	10546
368	4	5157	5185
369	28039	28048	28030
370	3	5235	5271
371	35448	35457	35439
372	3	21	31
373	16568	16595	16558
374	5241	5212	5222
375	3	30699	30689
376	2059	2031	2040
377	3	31597	31587
378	14883	14855	14864
379	3	20828	20818
380	16501	16472	16482
381	3	12	30
382	315	324	334
383	37507	37516	37535
384	10825	10815	10843
385	3	31	12
386	1224	1243	1233
387	4	31	12
388	24382	24364	24355
389	4	1487	1459
390	35400	35373	35364
391	3	31	12
392	7	16	26
393	14479	14488	14507
394	28128	28119	28109
395	3	17972	17935
396	4959	4	4986
397	29237	29265	29255
398	870	3	897
399	25394	25366	25357
400	4	17089	17099
401	19621	19593	19584
402	3	13388	13398
403	13356	13329	13320
404	3	8527	8537
405	15038	15020	15010
406	3	12	31
407	22	3	12
408	32332	32360	32341
409	23453	3	23462
410	3	29103	29084
411	28708	3	28680
412	3	9715	9704
413	4611	4639	4629
414	3	4075	4085
415	28647	28638	28628
416	3	12	30
417	28523	28496	28487
418	3	12406	12434
419	3	3182	3163
420	22	3	12
421	13714	13723	13750
422	3	4188	4170
423	31	3	13
424	35629	35656	35620
425	30405	3	30395
426	3	9267	9257
427	35584	3	35574
428	3	22	12
429	12	3	21
430	5294	5303	5285
431	29129	29100	29110
432	3	14105	14115
433	27700	27672	27681
434	3	7993	8003
435	30491	30462	30472
436	3	6156	6166
437	29232	29203	29213
438	3	14931	14941
439	17894	17865	17875
440	3	4898	4908
441	31435	31426	31416
442	3	12	30
443	7	16	26
444	13421	13440	13430
445	5071	5099	5080
446	1693	3	1665
447	21386	21395	21422
448	31636	31627	31617
449	4	22380	22408
450	19562	19553	19543
451	3	13704	13732
452	12705	12695	12685
453	3	21123	21151
454	15336	15327	15317
455	3	10603	10631
456	21326	21317	21307
457	3	8423	8451
458	15648	15638	15628
459	3	9673	9683
460	21450	21441	21431
461	3	12	30
462	29449	29421	29430
463	3	14061	14050
464	3	7834	7870
465	24278	24269	24259
466	3	9515	9552
467	28831	28840	28821
468	4	16095	16132
469	33	5	23
470	3	13093	13103
471	29787	29769	29759
472	3	13796	13806
473	3	22242	22206
474	30524	3	30514
475	20187	20196	20177
476	16541	3	16531
477	3	3601	3629
478	16534	16561	16525
479	17491	3	17500
480	4	15531	15495
481	3	21	31
482	3	13873	13863
483	3	23220	23256
484	18852	18843	18833
485	4	5748	5785
486	8948	8939	8930
487	3	36296	36306
488	7822	7813	7803
489	3	4945	4935
490	10680	3	10707
491	3	22	12
492	3	26243	26279
493	33	5	23
494	3	4530	4540
495	1122	1141	1131
496	3	36887	36897
497	18	8	37
498	3	7880	7870
499	3	39274	39310
500	4712	4703	4693
501	3	15004	15040
502	10806	10797	10787
503	1762	3	1789
504	3	22	12
505	37428	37419	37455
506	35	7	25
507	3	20478	20487
508	19510	19482	19473
509	3	3792	3764
510	36787	36760	36750
511	3	217	207
512	3	32546	32582
513	33	5	23
514	3	2854	2864
515	36293	36283	36274
516	4	12	31
517	7548	7520	7538
518	3	4465	4475
519	35124	35133	35115
520	2396	3	2423
521	23177	23205	23186
522	2896	3	2905
523	4	19580	19553
524	30577	30586	30567
525	10925	4	10897
526	3	18488	18498
527	4	5953	5935
528	15916	15888	15897
529	3	9648	9620
530	30	20	11
531	11006	10997	10987
532	2582	2573	2609
533	11754	11782	11772
534	7148	7120	7129
535	4	12	22
536	28999	29026	28989
537	31	4	13
538	32151	32171	32161
539	22	3	12
540	3	36428	36419
541	22	3	12
542	3	12	31
543	9635	9644	9653
544	3	2653	2681
545	29414	29385	29395
546	3	12281	95
547	14618	3	14608
548	3	36319	36282
549	10046	3	10037
550	3	30279	30242
551	13822	3	13812
552	3	39913	39877
553	3	12	5618
554	6359	6331	6322
555	3	9268	9257
556	4	2940	2958
557	8564	8537	8527
558	3	24465	24455
559	34198	3	34188
560	3	12	31
561	5210	3	5182
562	3	3302	3312
563	13016	12987	12996
564	6754	6763	6781
565	11435	11407	11416
566	8837	8846	8865
567	29848	29819	29829
568	3	17606	17634
569	35801	3	35810
570	11265	11254	11283
571	28935	28898	28907
572	3	13068	13096
573	14986	14957	14966
574	3	25212	25239
575	26401	26372	26382
576	3	6119	6146
577	16422	16394	16403
578	3	29415	29425
579	22765	22737	22746
580	3	6351	6360
581	12552	12523	12532
582	3	23420	23430
583	26537	26509	26518
584	3	30399	30409
585	20977	3	20967
586	3	915	897
587	10201	10172	10181
588	16210	16221	16231
589	12277	4	12286
590	27267	27257	27286
591	3	14963	14944
592	31565	4	31574
593	3	24289	24261
594	28361	3	28379
595	11000	11010	11020
596	13804	13775	13785
597	3	33373	33363
598	13363	13354	13344
599	3	16048	16029
600	31246	3	31255
601	3	8525	8505
602	28052	3	28061
603	3	4420	4401
604	29589	3	29598
605	3	9148	9129
606	28292	28283	28273
607	3	10569	10550
608	7781	7752	7761
609	3	24480	24490
610	6979	6951	6960
611	3	13945	13955
612	11584	11556	11565
613	3	20565	20574
614	10056	10028	10037
615	3	12265	12275
616	22500	22472	22481
617	3	32299	32309
618	10018	9990	9999
619	3	23145	23155
620	11461	11433	11442
621	3	31333	31343
622	15668	15640	15649
623	3	11488	11498
624	15217	15188	15198
625	3	28452	28462
626	14079	14050	14060
627	3	26540	26512
628	17811	3	17820
629	3	11317	11326
630	8793	8803	8813
631	27991	27981	28000
632	6444	6435	6426
633	3	18878	18858
634	21710	21690	21700
635	3	2969	3006
636	14079	14089	14099
637	19566	19538	19547
638	3	10831	10841
639	10391	10362	10371
640	3	26835	26845
641	7949	7921	7930
642	3	18153	18163
643	5686	5658	5667
644	3	23557	23567
645	18222	18194	18203
646	4	32200	32210
647	13578	3	13605
648	17736	17746	17755
649	13707	13678	13688
650	3	34995	35005
651	16039	16019	16029
652	3	38005	38014
653	3	12	35439
654	3	12	21457
655	22482	22473	22463
656	3	21443	21453
657	5950	5941	5931
658	3	38390	38399
659	6652	6643	6633
660	3	20818	20828
661	18641	18632	18622
662	3	20540	20549
663	16334	16324	16315
664	3	16099	16108
665	11804	11795	11786
666	3	39174	39184
667	21320	3	21301
668	3	21811	21821
669	16106	16097	16088
670	3	25744	25754
671	2234	2224	2215
672	25763	25773	25783
673	25666	25677	25687
674	17952	17962	17972
675	11	30	20
676	3981	3963	3954
677	28029	28039	28048
678	3506	3534	3524
679	7307	7278	7288
680	21726	21746	21736
681	24717	24688	24697
682	3	14670	14660
683	18346	18318	18327
684	3	13559	13550
685	18740	18711	18721
686	3	13242	13232
687	5171	5143	5152
688	27326	27347	27337
689	19387	19359	19368
690	3	13801	13816
691	22205	22177	22186
692	3	31269	31259
693	8722	8693	8702
694	3	16892	16882
695	19735	19707	19716
696	3	15165	15155
697	19997	19969	19978
698	3	31849	31839
699	2453	2434	2443
700	11	44890	20
701	3	12	19794
702	24243	24216	24206
703	3	15553	15543
704	23565	23537	23528
705	3	30299	30280
706	22115	22088	22078
707	3	16738	16728
708	17618	17591	17582
709	3	21866	21856
710	8905	8887	8877
711	3	14222	14212
712	26459	26432	26422
713	3	13978	13968
714	13976	13958	13949
715	3	8213	8223
716	19938	19911	19901
717	3	31986	31996
718	20507	20489	20479
719	3	22989	22999
720	24063	24053	24044
721	3	862	898
722	27208	27181	27171
723	3	23754	23764
724	19766	19757	19747
725	3	8402	8438
726	3403	3385	3375
727	33599	33609	33619
728	19130	19112	19102
729	3	18747	18757
730	14157	14139	14130
731	3	19859	19868
732	16616	16588	16579
733	3	16749	16759
734	1289	1271	1262
735	29240	29250	29259
736	20258	20240	20231
737	4	23139	23148
738	4106	4096	4087
739	3	26005	26015
740	16	6	34
741	3	12	31
742	17163	17172	17182
743	3	19453	19444
744	548	529	538
745	26938	26958	26948
746	9640	9620	9630
747	3	12	31
748	17622	17631	17641
749	3	18937	18974
750	2026	2017	2007
751	4	31	12
752	6427	6446	6436
753	3	19226	20
754	16559	16530	16539
755	3	3464	3474
756	23530	23521	23510
757	3	35758	35722
758	13949	3	13939
759	3	19599	19562
760	1415	3	1405
761	25412	25439	25402
762	11492	3	11482
763	3	19315	19278
764	8784	3	8774
765	3	12	21
766	8970	3	8960
767	21	12	3
768	7052	7061	7071
769	2706	2697	2688
770	17261	17289	17270
771	22831	3	22840
772	3	35617	35607
773	8770	8761	8751
774	3	13004	12985
775	9308	3	9280
776	4	27158	27168
777	5460	5431	5440
778	3	3930	3940
779	3	17540	17522
780	31	3	12
781	5	14	32
782	18514	18523	18533
783	3	24446	24474
784	16397	16387	16415
785	4	10246	10227
786	3	12	22
787	1513	1504	1494
788	3	31	12
789	1084	1074	1093
790	12245	12235	12226
791	7	34	16
792	3	21	31
793	4656	4647	4637
794	5982	6010	5991
795	36946	3	36954
796	3	208	189
797	3	10031	10050
798	4387	4378	4368
799	13289	13317	13298
800	3	12	22
801	21282	21272	21263
802	3	20180	20170
803	5030	5021	5011
804	3	36086	36076
805	15	5	33
806	31204	31224	31214
807	7666	7646	7656
808	22421	22442	22432
809	26526	26535	26516
810	3	7095	7132
811	1379	1370	1360
812	37229	37239	37249
813	7532	7523	7513
814	4	24169	24179
815	4874	4865	4855
816	3	40255	40264
817	16	6	25
818	3	31	12
819	14444	14463	14453
820	15697	15725	15706
821	6678	3	6667
822	4	30719	30747
823	27648	27657	27638
824	1052	3	1042
825	3	12943	12970
826	3	1040	1021
827	3	20	30
828	15330	30288	15340
829	9372	9381	9391
830	3	17785	17813
831	21348	21375	21365
832	3	19329	19357
833	11665	11693	11683
834	3	32274	32292
835	5977	6005	5995
836	3	20851	20879
837	24238	24265	24255
838	3	28308	28335
839	23318	23327	23308
840	3	12	26214
841	3829	3819	3847
842	825	806	815
843	3	23541	23569
844	15573	15582	15564
845	3	7271	7298
846	21404	21413	21395
847	3	1929	1957
848	25436	25445	25426
849	3	24140	24167
850	7	17	27
851	7658	7639	7648
852	3	15317	15345
853	6	16	25
854	11410	3	11383
855	3	37893	37857
856	6048	3	6058
857	25798	25789	25779
858	4	12146	12136
859	18967	18957	18948
860	3	11363	11354
861	4079	4069	4060
862	27781	27801	27791
863	9487	9478	9469
864	3	28577	28567
865	9369	9360	9350
866	3	32569	32596
867	10429	10456	10446
868	3	711	739
869	12424	12433	12443
870	3	33465	33455
871	2129	2110	2119
872	3	17695	17723
873	21299	21278	21289
874	3	31956	31920
875	8523	3	8513
876	3	17736	17709
877	4898	4878	4888
878	3	465	493
879	27897	27869	27878
880	3	4055	4043
881	3	4551	4587
882	14707	14697	14688
883	3	30	12
884	36387	36360	36350
885	3	30	12
886	3204	3223	3213
887	25998	26008	26018
888	3561	3552	3542
889	3	38073	38053
890	32672	3	32699
891	510	3	521
892	17795	17806	17816
893	18152	18163	18173
894	12194	12205	12215
895	16499	16510	16519
896	21313	21323	21333
897	15470	15481	15491
898	6217	6227	6237
899	3	1123	1114
900	29996	29969	29959
901	3	26021	26011
902	13	4	22
903	4	12	31
904	16326	16353	16316
905	4701	4682	4691
906	33462	33482	33472
907	6292	6273	6282
908	3	28993	28983
909	12	3	21
910	3	38671	38661
911	31	3	12
912	3	12	22
913	19025	3	19052
914	25204	25214	25224
915	19975	19985	19995
916	3778	3789	3799
917	27528	27539	27548
918	13447	13458	13468
919	7512	7522	7532
920	15977	15987	15997
921	3	1208	1198
922	7	26	16
923	6	16	26
924	13391	13382	13418
925	8061	8088	8078
926	16165	3	16191
927	31232	31259	31249
928	17117	17089	17098
929	15790	15799	15780
930	3	632	669
931	19975	19956	19947
932	3	26521	26531
933	16942	16933	16924
934	3	27764	27774
935	27939	27930	27921
936	3	27084	27074
937	32071	32098	32088
938	3	5022	5040
939	17037	17019	17010
940	3	25123	25113
941	26858	26840	26831
942	3	8228	8218
943	13104	13077	13067
944	3	24912	24902
945	14176	14158	14149
946	3	30357	30367
947	21681	21653	21644
948	3	27786	27796
949	23051	31176	23041
950	5271	5252	5261
951	23442	40584	23432
952	27198	3	27207
953	24869	24878	24859
954	3	8415	8442
955	20138	20147	20128
956	3	18013	18041
957	6	34	24
958	3	35016	35052
959	6523	6533	6543
960	19220	19191	19200
961	3	10928	10937
962	7	35	25
963	3	2449	2459
964	6	15	24
965	1355	3	1365
966	1656	1647	1666
967	20730	20712	20702
968	3	24167	24157
969	29929	7	26
970	18700	3	18727
971	17441	17450	17431
972	17809	3	17781
973	3	12691	12663
974	27932	4	27904
975	4	19652	19624
976	25440	3	25412
977	3	10629	10602
978	8728	4	8700
979	3	20927	20900
980	11896	3	11869
981	3	21692	21664
982	25780	3	25752
983	3	24586	24559
984	24602	3	24574
985	3	21411	21421
986	26511	26502	26492
987	3	17431	17403
988	3	5029	5047
989	34233	34242	34223
990	12	3	21
991	27399	27390	27380
992	16042	16032	16023
993	3	12	31
994	39882	39854	39845
995	3	929	919
996	17	6	35
997	3	11765	11784
998	39455	39445	39432
999	3	12	11827


Reaction test
type	A+B+C
number	1000

max value	65536
unit	us

test	A	B	C
0	962	991	981
1	392	403	412
2	513	523	533
3	206	226	216
4	578	588	597
5	571	591	582
6	78	98	88
7	273	293	283
8	850	860	870
9	382	403	393
10	623	644	634
11	1026	1037	1046
12	29	49	39
13	692	712	702
14	1014	1034	1024
15	998	1019	1009
16	787	807	797
17	505	525	515
18	953	974	963
19	106	116	125
20	47	57	67
21	473	537	547
22	81	166	156
23	991	36	26
24	72	147	157
25	682	767	757
26	36	121	111
27	359	443	433
28	353	363	373
29	1055	1075	1065
30	793	803	813
31	823	834	844
32	440	449	499
33	184	194	266
34	591	601	666
35	205	215	280
36	537	547	612
37	466	476	548
38	224	233	288
39	1031	1042	1051
40	769	789	779
41	576	586	596
42	285	305	295
43	912	932	922
44	285	305	295
45	919	939	929
46	873	883	893
47	162	234	223
48	510	585	595
49	515	590	600
50	534	618	608
51	698	772	783
52	898	908	918
53	62	83	73
54	1062	1082	1072
55	998	1018	1009
56	599	619	609
57	1011	1021	1031
58	67	87	77
59	424	434	443
60	652	672	662
61	196	216	206
62	771	781	791
63	849	872	862
64	299	308	358
65	806	816	888
66	607	617	626
67	524	545	535
68	381	391	401
69	893	903	913
70	861	871	881
71	13	23	33
72	340	350	359
73	807	827	817
74	56	66	76
75	919	978	928
76	978	1051	987
77	543	563	554
78	56	76	66
79	1023	1043	1033
80	921	931	941
81	996	1016	1006
82	770	790	780
83	491	511	501
84	997	1017	1007
85	705	725	715
86	1027	1047	1037
87	49	59	69
88	210	230	220
89	706	726	716
90	670	690	680
91	271	292	282
92	687	697	707
93	576	586	596
94	975	985	995
95	316	326	336
96	686	696	706
97	275	340	350
98	484	567	557
99	718	803	793
100	408	418	427
101	593	603	613
102	222	242	232
103	340	360	350
104	270	290	280
105	201	210	224
106	266	277	286
107	640	660	650
108	594	614	604
109	954	1020	963
110	261	336	271
111	38	103	47
112	381	391	401
113	1054	1064	1073
114	442	452	462
115	439	449	458
116	652	663	672
117	214	224	234
118	769	789	779
119	610	630	620
120	79	89	99
121	640	651	660
122	26	36	46
123	316	336	326
124	741	761	751
125	569	589	579
126	267	287	277
127	1044	1054	1063
128	746	810	820
129	1063	88	98
130	640	725	715
131	299	385	374
132	1064	105	96
133	382	467	457
134	740	813	823
135	814	834	824
136	415	425	435
137	16	26	36
138	425	435	445
139	329	349	339
140	316	337	327
141	754	764	774
142	932	942	952
143	696	716	706
144	545	555	565
145	459	469	479
146	586	596	606
147	738	762	752
148	877	887	896
149	794	804	814
150	793	803	812
151	724	796	786
152	835	909	920
153	178	262	253
154	248	333	323
155	769	779	789
156	796	816	806
157	125	145	136
158	373	393	383
159	469	489	479
160	848	858	868
161	1013	1033	1023
162	645	708	718
163	65	140	151
164	186	195	258
165	796	806	871
166	122	132	197
167	703	713	778
168	24	34	99
169	196	206	270
170	364	373	425
171	694	714	704
172	957	967	977
173	338	358	348
174	246	256	266
175	303	313	323
176	854	864	874
177	486	506	496
178	904	914	924
179	400	471	461
180	609	683	694
181	446	518	508
182	436	511	521
183	15	100	90
184	151	234	225
185	313	388	398
186	449	533	523
187	290	300	310
188	270	280	290
189	146	156	166
190	422	443	433
191	264	284	274
192	266	276	286
193	96	106	116
194	173	183	193
195	938	948	958
196	448	508	519
197	215	300	290
198	759	821	831
199	909	929	919
200	347	367	357
201	952	962	972
202	519	529	540
203	223	243	233
204	397	407	417
205	666	734	744
206	921	1006	996
207	585	659	669
208	201	284	274
209	131	204	214
210	436	521	511
211	975	30	20
212	700	855	845
213	670	831	821
214	78	247	237
215	295	457	447
216	738	917	907
217	234	417	407
218	43	193	183
219	165	316	306
220	1058	134	125
221	196	343	333
222	861	1008	999
223	782	962	952
224	441	657	647
225	479	704	691
226	626	859	849
227	412	651	641
228	94	340	330
229	742	992	982
230	886	76	67
231	751	1010	1000
232	397	663	653
233	828	32	21
234	1023	232	222
235	98	422	412
236	118	470	460
237	83	399	389
238	739	1023	1013
239	890	78	68
240	100	346	336
241	465	712	702
242	698	915	905
243	219	440	430
244	386	617	607
245	715	961	951
246	949	127	118
247	541	799	789
248	404	666	656
249	532	799	789
250	678	950	941
251	140	386	376
252	1075	252	242
253	933	107	97
254	171	418	408
255	873	49	39
256	701	946	937
257	153	404	394
258	480	737	727
259	222	484	474
260	191	458	448
261	560	832	822
262	843	47	37
263	505	790	780
264	549	804	795
265	624	869	859
266	273	523	514
267	543	800	791
268	239	496	486
269	239	468	458
270	952	114	105
271	241	485	476
272	577	822	812
273	11	252	242
274	171	424	414
275	1061	254	244
276	635	894	885
277	938	117	107
278	907	82	72
279	18	270	260
280	1069	257	247
281	479	745	735
282	369	615	606
283	53	299	289
284	499	752	742
285	207	466	456
286	241	502	492
287	611	859	849
288	542	790	780
289	154	403	393
290	37	283	273
291	418	664	654
292	722	973	963
293	332	593	583
294	598	862	852
295	424	673	663
296	61	278	267
297	773	999	989
298	941	101	91
299	501	695	685
300	689	852	842
301	1016	130	120
302	892	3	1070
303	1055	174	163
304	880	1041	1031
305	591	740	730
306	3	155	145
307	545	695	685
308	301	374	384
309	196	271	281
310	1050	1060	1070
311	225	235	245
312	644	654	664
313	1045	1055	1065
314	11	31	21
315	397	417	407
316	658	668	677
317	524	534	544
318	701	721	711
319	269	290	280
320	1050	1071	1061
321	1011	1030	1021
322	363	383	373
323	979	1000	990
324	704	724	714
325	955	965	975
326	1035	1045	1055
327	1041	1061	1051
328	255	265	275
329	1065	1075	3
330	600	610	620
331	495	505	515
332	682	692	702
333	730	740	750
334	1064	62	52
335	1017	45	36
336	882	1016	1006
337	685	855	845
338	1044	147	137
339	932	42	32
340	921	38	28
341	965	92	83
342	992	92	83
343	547	689	679
344	440	514	524
345	247	330	320
346	162	182	172
347	89	99	108
348	332	353	343
349	567	577	586
350	770	790	780
351	385	405	395
352	990	1010	1000
353	789	799	808
354	71	81	90
355	1063	1073	1083
356	922	932	941
357	278	298	289
358	100	110	120
359	43	53	63
360	712	722	732
361	1055	1065	1075
362	1028	1038	1048
363	996	1006	1016
364	701	711	721
365	658	731	721
366	584	669	659
367	143	218	228
368	533	553	543
369	17	37	27
370	1045	39	29
371	450	524	534
372	805	880	890
373	23	107	97
374	736	809	819
375	89	174	164
376	405	480	490
377	474	549	559
378	37	122	112
379	628	703	713
380	181	267	257
381	193	278	268
382	415	498	489
383	130	204	215
384	848	933	923
385	998	40	30
386	327	473	463
387	71	250	240
388	137	321	311
389	984	98	88
390	339	497	487
391	749	897	887
392	870	1050	1040
393	294	512	502
394	101	349	339
395	85	304	294
396	680	903	893
397	444	671	662
398	217	411	401
399	566	734	724
400	178	331	321
401	25	176	166
402	195	348	338
403	157	347	337
404	603	824	815
405	355	582	572
406	551	787	777
407	161	405	396
408	29	262	252
409	430	668	658
410	58	312	302
411	281	530	520
412	880	56	47
413	980	129	119
414	945	99	89
415	421	653	643
416	940	107	97
417	193	437	427
418	318	570	560
419	409	696	686
420	940	133	123
421	268	518	508
422	492	737	727
423	322	566	556
424	676	924	915
425	1009	195	185
426	757	1015	1005
427	974	150	140
428	727	972	962
429	368	613	604
430	15	264	255
431	500	757	747
432	510	732	722
433	572	841	832
434	988	197	187
435	707	981	971
436	817	29	19
437	715	1000	990
438	255	545	536
439	392	710	700
440	469	817	807
441	284	629	619
442	516	829	820
443	383	669	659
444	537	795	785
445	94	339	329
446	919	95	85
447	216	467	458
448	697	957	947
449	88	347	337
450	650	894	884
451	119	369	359
452	1012	204	194
453	125	389	379
454	1058	237	227
455	271	519	509
456	92	336	327
457	341	587	578
458	208	459	450
459	809	1058	1048
460	307	552	542
461	196	441	431
462	11	258	248
463	78	333	323
464	985	167	156
465	506	754	744
466	922	67	57
467	103	326	316
468	385	614	604
469	395	642	632
470	42	287	277
471	518	764	754
472	662	914	904
473	17	302	292
474	641	963	953
475	581	935	925
476	922	168	158
477	1026	239	229
478	153	471	462
479	246	596	586
480	989	237	226
481	304	593	583
482	642	900	890
483	458	725	715
484	1036	243	233
485	734	1008	998
486	795	1039	1029
487	959	140	130
488	1023	209	199
489	745	1004	994
490	834	30	20
491	138	407	397
492	329	602	592
493	816	1062	1052
494	594	841	831
495	841	21	3
496	446	694	684
497	710	965	955
498	450	699	689
499	624	871	861
500	773	1023	1014
501	596	854	844
502	993	189	176
503	856	59	49
504	470	751	740
505	913	151	138
506	785	51	41
507	476	825	815
508	181	497	487
509	939	153	143
510	561	852	842
511	329	623	613
512	847	37	27
513	160	404	394
514	126	370	361
515	226	471	461
516	428	676	666
517	73	325	316
518	575	822	812
519	617	862	853
520	940	119	109
521	632	891	881
522	415	706	697
523	324	648	638
524	569	884	874
525	770	1056	1046
526	682	934	925
527	991	173	163
528	273	517	507
529	977	153	144
530	471	716	707
531	794	1045	1035
532	191	445	436
533	20	308	298
534	765	24	14
535	1047	341	331
536	408	789	779
537	677	22	11
538	1043	394	385
539	425	852	842
540	800	165	155
541	801	174	164
542	1020	354	343
543	209	584	574
544	151	497	487
545	646	989	979
546	565	910	900
547	307	620	610
548	209	491	481
549	231	488	478
550	363	610	600
551	560	807	796
552	151	403	393
553	874	63	54
554	452	716	706
555	862	62	52
556	121	400	390
557	364	659	649
558	937	196	186
559	765	3	1071
560	626	911	901
561	161	416	406
562	990	166	156
563	538	789	779
564	903	96	86
565	1049	238	228
566	160	422	412
567	863	63	54
568	335	625	615
569	699	1025	1015
570	754	44	34
571	825	115	57
572	47	406	333
573	17	392	327
574	182	584	511
575	873	204	131
576	144	517	445
577	953	230	157
578	831	83	11
579	72	366	293
580	953	176	103
581	459	694	684
582	261	503	493
583	3	258	248
584	585	830	820
585	498	744	734
586	496	746	736
587	439	695	685
588	636	890	880
589	394	640	630
590	978	157	146
591	901	77	67
592	179	426	416
593	663	908	898
594	413	630	620
595	483	669	659
596	959	80	70
597	869	1060	1050
598	25	188	178
599	420	553	543
600	985	64	54
601	1051	162	152
602	707	893	882
603	328	480	471
604	995	51	42
605	881	955	965
606	323	408	398
607	316	400	390
608	892	966	977
609	650	725	735
610	57	132	142
611	199	283	274
612	225	299	310
613	36	121	111
614	545	630	620
615	449	534	524
616	1067	116	106
617	835	910	920
618	1018	49	59
619	244	318	329
620	265	285	275
621	877	887	896
622	44	64	54
623	956	976	966
624	947	968	958
625	140	150	160
626	73	93	83
627	886	897	906
628	819	839	829
629	93	103	113
630	344	410	420
631	144	217	227
632	281	355	365
633	938	1023	1013
634	380	465	455
635	91	165	175
636	977	1051	1062
637	11	95	85
638	784	858	869
639	447	530	520
640	655	730	740
641	762	847	836
642	355	439	429
643	507	580	590
644	972	11	21
645	233	374	384
646	706	852	862
647	1061	138	148
648	571	646	656
649	1021	34	44
650	554	564	574
651	1031	1051	1041
652	361	369	429
653	251	261	326
654	209	219	228
655	352	362	372
656	844	914	904
657	790	865	875
658	332	414	405
659	411	495	485
660	972	1046	1056
661	666	749	739
662	1058	111	101
663	352	501	491
664	857	1040	1030
665	79	295	285
666	578	798	788
667	134	360	350
668	557	788	778
669	643	887	878
670	307	552	542
671	26	272	262
672	369	619	609
673	144	434	424
674	509	835	825
675	572	928	918
676	663	976	966
677	215	500	490
678	186	443	433
679	382	610	600
680	859	22	12
681	1000	172	162
682	518	772	762
683	962	184	174
684	41	366	356
685	867	159	149
686	873	200	190
687	480	911	901
688	202	667	657
689	852	252	242
690	1014	424	414
691	1065	483	473
692	117	597	587
693	1017	430	420
694	398	889	879
695	230	720	710
696	275	731	721
697	543	1003	994
698	50	516	507
699	712	125	115
700	61	511	501
701	138	558	548
702	61	484	474
703	919	282	272
704	85	482	472
705	679	1058	1048
706	616	998	988
707	456	870	860
708	340	761	751
709	955	315	305
710	1040	412	400
711	476	938	928
712	103	580	571
713	921	299	289
714	726	109	99
715	715	105	95
716	234	716	706
717	998	412	402
718	861	272	262
719	319	801	791
720	484	931	922
721	907	290	281
722	94	554	544
723	826	226	216
724	756	166	109
725	1070	480	408
726	716	161	96
727	553	1034	1024
728	463	974	964
729	191	743	733
730	673	190	180
731	647	193	183
732	836	385	375
733	297	914	904
734	444	1060	1050
735	960	537	527
736	779	361	352
737	845	395	385
738	313	932	922
739	1000	551	541
740	232	862	852
741	454	1050	1040
742	73	651	642
743	734	210	200
744	178	698	689
745	836	261	251
746	124	584	574
747	601	1030	1021
748	410	812	802
749	697	3	1070
750	917	262	252
751	949	333	323
752	190	672	662
753	692	104	94
754	471	950	940
755	27	507	497
756	954	371	361
757	165	684	675
758	55	608	598
759	583	99	90
760	357	938	929
761	14	565	555
762	523	1040	1030
763	651	101	91
764	983	469	459
765	692	215	206
766	190	822	812
767	543	144	134
768	752	359	349
769	358	1040	1030
770	1043	692	682
771	205	923	913
772	707	356	346
773	834	481	471
774	87	801	791
775	255	969	959
776	997	612	603
777	695	317	307
778	368	23	14
779	553	204	194
780	4	727	717
781	635	280	270
782	219	938	929
783	743	400	390
784	875	560	549
785	522	205	195
786	1054	773	763
787	724	481	471
788	249	28	18
789	57	909	900
790	436	230	220
791	514	304	294
792	819	579	569
793	588	323	313
794	882	628	619
795	1071	818	808
796	465	182	172
797	430	116	106
798	957	642	632
799	422	107	97
800	699	415	405
801	774	532	522
802	369	156	146
803	815	602	593
804	16	868	858
805	627	406	396
806	277	58	48
807	997	811	802
808	550	371	361
809	633	453	443
810	681	513	503
811	17	926	916
812	115	1030	1021
813	710	574	564
814	144	25	15
815	934	814	805
816	261	139	129
817	97	1048	1038
818	587	466	457
819	999	847	837
820	46	937	927
821	253	89	79
822	789	645	635
823	79	996	987
824	637	491	481
825	693	580	570
826	58	1006	996
827	133	1051	1041
828	749	575	565
829	542	343	333
830	927	707	697
831	195	1044	1034
832	1038	815	805
833	48	908	898
834	127	1000	990
835	531	327	317
836	478	281	271
837	954	763	753
838	42	893	883
839	203	1052	1042
840	45	898	888
841	506	290	280
842	928	708	698
843	86	936	926
844	841	619	609
845	447	224	214
846	520	304	294
847	987	784	774
848	1045	849	839
849	704	517	507
850	574	399	389
851	1022	837	827
852	341	130	120
853	1007	784	774
854	238	22	12
855	596	388	378
856	666	422	412
857	1016	746	736
858	313	11	1072
859	683	387	377
860	1010	764	754
861	562	341	330
862	594	381	371
863	290	86	76
864	221	25	15
865	939	751	741
866	262	66	56
867	462	279	269
868	782	610	600
869	457	282	272
870	478	280	270
871	163	1016	1007
872	225	1074	1065
873	303	80	70
874	714	492	482
875	764	573	564
876	465	317	307
877	896	776	765
878	186	65	55
879	989	837	827
880	587	442	432
881	658	548	538
882	80	1072	1062
883	638	628	619
884	622	613	603
885	245	236	226
886	770	761	751
887	291	301	225
888	454	444	370
889	799	809	724
890	388	398	315
891	749	739	664
892	954	964	881
893	344	334	260
894	183	194	109
895	217	208	198
896	30	21	11
897	145	135	73
898	681	691	608
899	634	624	564
900	321	310	236
901	147	137	62
902	308	318	234
903	645	635	561
904	380	369	295
905	803	813	729
906	250	240	165
907	205	214	131
908	453	463	378
909	89	79	69
910	642	633	623
911	378	387	369
912	56	65	46
913	511	501	442
914	946	957	872
915	1066	1054	991
916	196	205	186
917	72	62	53
918	885	826	816
919	154	91	81
920	379	315	306
921	797	725	715
922	364	291	282
923	750	685	675
924	263	190	181
925	493	427	417
926	982	909	900
927	912	840	830
928	421	349	339
929	868	795	786
930	319	255	245
931	820	759	749
932	904	839	829
933	997	931	921
934	346	281	272
935	683	619	609
936	1065	1056	1046
937	162	153	143
938	53	63	1066
939	380	370	295
940	989	979	904
941	556	547	537
942	754	745	735
943	316	325	252
944	386	397	312
945	1032	1022	949
946	853	843	768
947	608	597	523
948	885	875	800
949	679	689	604
950	634	625	615
951	191	182	172
952	414	404	394
953	741	732	722
954	969	958	892
955	282	292	207
956	1028	1039	954
957	901	911	827
958	656	646	636
959	679	670	660
960	916	906	897
961	266	257	247
962	322	312	302
963	899	907	889
964	887	877	868
965	242	231	167
966	734	744	659
967	745	754	670
968	323	312	238
969	545	554	461
970	308	318	233
971	501	491	416
972	116	126	41
973	281	271	195
974	742	688	615
975	889	821	748
976	900	910	825
977	777	787	703
978	200	210	126
979	668	658	585
980	500	491	481
981	176	185	166
982	216	206	196
983	764	755	745
984	973	964	954
985	903	913	842
986	884	894	809
987	993	983	909
988	58	48	1017
989	391	402	317
990	928	938	853
991	952	962	877
992	187	197	114
993	56	66	1014
994	850	860	715
995	929	939	791
996	329	339	188
997	417	427	242
998	824	834	615
999	436	446	224
